------------------------------------------------------------------------------------------------------------------------

[2021-10-20 10:24:03 #1 store] 
Database 'F:\BetsCI\Bets21\src\main\resources\bets.temp' is opened by 29608@DESKTOP-IS987IB

[2021-10-20 10:24:03 #2 type.registry] 
New type domain.Cuenta

[2021-10-20 10:24:03 #3 type] 
Type domain.Cuenta is not enhanced.

[2021-10-20 10:24:03 #4 type.registry] 
New type domain.CuentaAhorro

[2021-10-20 10:24:03 #5 type.registry] 
New type java.util.Vector<domain.CuentaAhorro>

[2021-10-20 10:24:03 #6 type] 
Type domain.CuentaAhorro is not enhanced.

[2021-10-20 10:24:03 #7 type.registry] 
New type domain.Apuesta

[2021-10-20 10:24:03 #8 type.registry] 
New type java.util.Vector<domain.Apuesta>

[2021-10-20 10:24:03 #9 type] 
Type domain.Apuesta is not enhanced.

[2021-10-20 10:24:03 #10 type.registry] 
New type domain.Pronostico

[2021-10-20 10:24:03 #11 type.registry] 
New type domain.Question

[2021-10-20 10:24:03 #12 type.registry] 
New type domain.Event

[2021-10-20 10:24:03 #13 type] 
Type domain.Pronostico is not enhanced.

[2021-10-20 10:24:03 #14 type] 
Type domain.Question is not enhanced.

[2021-10-20 10:24:03 #15 type.registry] 
New type java.util.Vector<domain.Pronostico>

[2021-10-20 10:24:03 #16 type] 
Type domain.Event is not enhanced.

[2021-10-20 10:24:03 #17 type.registry] 
New type java.util.Vector<domain.Question>

[2021-10-20 10:24:03 #18 type.registry] 
New type java.util.Vector<java.lang.Object>

