------------------------------------------------------------------------------------------------------------------------

[2021-10-21 11:05:13 #1 store] 
Database 'C:\Users\telmo\Desktop\Proyecto2\Bets21\src\main\resources\bets.temp' is opened by 7672@DESKTOP-7ADQIQM

[2021-10-21 11:05:13 #2 type.registry] 
New type domain.Event

[2021-10-21 11:05:13 #3 type] 
Type domain.Event is not enhanced.

[2021-10-21 11:05:13 #4 type.registry] 
New type domain.Question

[2021-10-21 11:05:13 #5 type.registry] 
New type java.util.Vector<domain.Question>

[2021-10-21 11:05:13 #6 type] 
Type domain.Question is not enhanced.

[2021-10-21 11:05:13 #7 type.registry] 
New type domain.Pronostico

[2021-10-21 11:05:13 #8 type.registry] 
New type domain.Apuesta

[2021-10-21 11:05:13 #9 type.registry] 
New type java.util.Vector<domain.Apuesta>

[2021-10-21 11:05:13 #10 type.registry] 
New type java.util.Vector<domain.Pronostico>

[2021-10-21 11:05:13 #11 type] 
Type domain.Pronostico is not enhanced.

[2021-10-21 11:05:13 #12 type] 
Type domain.Apuesta is not enhanced.

[2021-10-21 11:05:13 #13 type.registry] 
New type domain.CuentaAhorro

[2021-10-21 11:05:13 #14 type.registry] 
New type domain.Cuenta

[2021-10-21 11:05:13 #15 type] 
Type domain.CuentaAhorro is not enhanced.

[2021-10-21 11:05:13 #16 type] 
Type domain.Cuenta is not enhanced.

[2021-10-21 11:05:13 #17 type.registry] 
New type java.util.Vector<domain.CuentaAhorro>

[2021-10-21 11:05:13 #18 type.registry] 
New type java.util.Vector<java.lang.Object>

------------------------------------------------------------------------------------------------------------------------

[2021-10-21 11:05:26 #1 store] 
Database 'C:\Users\telmo\Desktop\Proyecto2\Bets21\src\main\resources\bets.temp' is opened by 6860@DESKTOP-7ADQIQM

[2021-10-21 11:05:26 #2 type.registry] 
New type domain.Cuenta

[2021-10-21 11:05:26 #3 type] 
Type domain.Cuenta is not enhanced.

[2021-10-21 11:05:26 #4 type.registry] 
New type domain.CuentaAhorro

[2021-10-21 11:05:26 #5 type.registry] 
New type java.util.Vector<domain.CuentaAhorro>

[2021-10-21 11:05:26 #6 type] 
Type domain.CuentaAhorro is not enhanced.

[2021-10-21 11:05:26 #7 type.registry] 
New type domain.Apuesta

[2021-10-21 11:05:26 #8 type.registry] 
New type java.util.Vector<domain.Apuesta>

[2021-10-21 11:05:26 #9 type] 
Type domain.Apuesta is not enhanced.

[2021-10-21 11:05:26 #10 type.registry] 
New type domain.Pronostico

[2021-10-21 11:05:26 #11 type.registry] 
New type domain.Question

[2021-10-21 11:05:26 #12 type.registry] 
New type domain.Event

[2021-10-21 11:05:26 #13 type] 
Type domain.Pronostico is not enhanced.

[2021-10-21 11:05:26 #14 type] 
Type domain.Question is not enhanced.

[2021-10-21 11:05:26 #15 type.registry] 
New type java.util.Vector<domain.Pronostico>

[2021-10-21 11:05:26 #16 type] 
Type domain.Event is not enhanced.

[2021-10-21 11:05:26 #17 type.registry] 
New type java.util.Vector<domain.Question>

[2021-10-21 11:05:26 #18 type.registry] 
New type java.util.Vector<java.lang.Object>

------------------------------------------------------------------------------------------------------------------------

[2021-10-21 11:05:46 #1 store] 
Database 'C:\Users\telmo\Desktop\Proyecto2\Bets21\src\main\resources\bets.temp' is opened by 18396@DESKTOP-7ADQIQM

[2021-10-21 11:05:46 #2 type.registry] 
New type domain.Event

[2021-10-21 11:05:46 #3 type] 
Type domain.Event is not enhanced.

[2021-10-21 11:05:46 #4 type.registry] 
New type domain.Question

[2021-10-21 11:05:46 #5 type.registry] 
New type java.util.Vector<domain.Question>

[2021-10-21 11:05:46 #6 type] 
Type domain.Question is not enhanced.

[2021-10-21 11:05:46 #7 type.registry] 
New type domain.Pronostico

[2021-10-21 11:05:46 #8 type.registry] 
New type domain.Apuesta

[2021-10-21 11:05:46 #9 type.registry] 
New type java.util.Vector<domain.Apuesta>

[2021-10-21 11:05:46 #10 type.registry] 
New type java.util.Vector<domain.Pronostico>

[2021-10-21 11:05:46 #11 type] 
Type domain.Pronostico is not enhanced.

[2021-10-21 11:05:46 #12 type] 
Type domain.Apuesta is not enhanced.

[2021-10-21 11:05:46 #13 type.registry] 
New type domain.CuentaAhorro

[2021-10-21 11:05:46 #14 type.registry] 
New type domain.Cuenta

[2021-10-21 11:05:46 #15 type] 
Type domain.CuentaAhorro is not enhanced.

[2021-10-21 11:05:46 #16 type] 
Type domain.Cuenta is not enhanced.

[2021-10-21 11:05:46 #17 type.registry] 
New type java.util.Vector<domain.CuentaAhorro>

[2021-10-21 11:05:46 #18 type.registry] 
New type java.util.Vector<java.lang.Object>

------------------------------------------------------------------------------------------------------------------------

[2021-10-21 11:06:20 #1 store] 
Database 'C:\Users\telmo\Desktop\Proyecto2\Bets21\src\main\resources\bets.temp' is opened by 19560@DESKTOP-7ADQIQM

[2021-10-21 11:06:20 #2 type.registry] 
New type domain.Cuenta

[2021-10-21 11:06:20 #3 type] 
Type domain.Cuenta is not enhanced.

[2021-10-21 11:06:20 #4 type.registry] 
New type domain.CuentaAhorro

[2021-10-21 11:06:20 #5 type.registry] 
New type java.util.Vector<domain.CuentaAhorro>

[2021-10-21 11:06:20 #6 type] 
Type domain.CuentaAhorro is not enhanced.

[2021-10-21 11:06:20 #7 type.registry] 
New type domain.Apuesta

[2021-10-21 11:06:20 #8 type.registry] 
New type java.util.Vector<domain.Apuesta>

[2021-10-21 11:06:20 #9 type] 
Type domain.Apuesta is not enhanced.

[2021-10-21 11:06:20 #10 type.registry] 
New type domain.Pronostico

[2021-10-21 11:06:20 #11 type.registry] 
New type domain.Question

[2021-10-21 11:06:20 #12 type.registry] 
New type domain.Event

[2021-10-21 11:06:20 #13 type] 
Type domain.Pronostico is not enhanced.

[2021-10-21 11:06:20 #14 type] 
Type domain.Question is not enhanced.

[2021-10-21 11:06:20 #15 type.registry] 
New type java.util.Vector<domain.Pronostico>

[2021-10-21 11:06:20 #16 type] 
Type domain.Event is not enhanced.

[2021-10-21 11:06:20 #17 type.registry] 
New type java.util.Vector<domain.Question>

[2021-10-21 11:06:21 #18 type.registry] 
New type java.util.Vector<java.lang.Object>

------------------------------------------------------------------------------------------------------------------------

[2021-10-21 11:07:32 #1 store] 
Database 'C:\Users\telmo\Desktop\Proyecto2\Bets21\src\main\resources\bets.temp' is opened by 15720@DESKTOP-7ADQIQM

[2021-10-21 11:07:33 #2 type.registry] 
New type domain.Cuenta

[2021-10-21 11:07:33 #3 type] 
Type domain.Cuenta is not enhanced.

[2021-10-21 11:07:33 #4 type.registry] 
New type domain.CuentaAhorro

[2021-10-21 11:07:33 #5 type.registry] 
New type java.util.Vector<domain.CuentaAhorro>

[2021-10-21 11:07:33 #6 type] 
Type domain.CuentaAhorro is not enhanced.

[2021-10-21 11:07:33 #7 type.registry] 
New type domain.Apuesta

[2021-10-21 11:07:33 #8 type.registry] 
New type java.util.Vector<domain.Apuesta>

[2021-10-21 11:07:33 #9 type] 
Type domain.Apuesta is not enhanced.

[2021-10-21 11:07:33 #10 type.registry] 
New type domain.Pronostico

[2021-10-21 11:07:33 #11 type.registry] 
New type domain.Question

[2021-10-21 11:07:33 #12 type.registry] 
New type domain.Event

[2021-10-21 11:07:33 #13 type] 
Type domain.Pronostico is not enhanced.

[2021-10-21 11:07:33 #14 type] 
Type domain.Question is not enhanced.

[2021-10-21 11:07:33 #15 type.registry] 
New type java.util.Vector<domain.Pronostico>

[2021-10-21 11:07:33 #16 type] 
Type domain.Event is not enhanced.

[2021-10-21 11:07:33 #17 type.registry] 
New type java.util.Vector<domain.Question>

[2021-10-21 11:07:33 #18 type.registry] 
New type java.util.Vector<java.lang.Object>

------------------------------------------------------------------------------------------------------------------------

[2021-10-21 11:09:03 #1 store] 
Database 'C:\Users\telmo\Desktop\Proyecto2\Bets21\src\main\resources\bets.temp' is opened by 17916@DESKTOP-7ADQIQM

[2021-10-21 11:09:03 #2 type.registry] 
New type domain.Cuenta

[2021-10-21 11:09:03 #3 type] 
Type domain.Cuenta is not enhanced.

[2021-10-21 11:09:03 #4 type.registry] 
New type domain.CuentaAhorro

[2021-10-21 11:09:03 #5 type.registry] 
New type java.util.Vector<domain.CuentaAhorro>

[2021-10-21 11:09:03 #6 type] 
Type domain.CuentaAhorro is not enhanced.

[2021-10-21 11:09:03 #7 type.registry] 
New type domain.Apuesta

[2021-10-21 11:09:03 #8 type.registry] 
New type java.util.Vector<domain.Apuesta>

[2021-10-21 11:09:03 #9 type] 
Type domain.Apuesta is not enhanced.

[2021-10-21 11:09:03 #10 type.registry] 
New type domain.Pronostico

[2021-10-21 11:09:03 #11 type.registry] 
New type domain.Question

[2021-10-21 11:09:03 #12 type.registry] 
New type domain.Event

[2021-10-21 11:09:03 #13 type] 
Type domain.Pronostico is not enhanced.

[2021-10-21 11:09:03 #14 type] 
Type domain.Question is not enhanced.

[2021-10-21 11:09:03 #15 type.registry] 
New type java.util.Vector<domain.Pronostico>

[2021-10-21 11:09:03 #16 type] 
Type domain.Event is not enhanced.

[2021-10-21 11:09:03 #17 type.registry] 
New type java.util.Vector<domain.Question>

[2021-10-21 11:09:03 #18 type.registry] 
New type java.util.Vector<java.lang.Object>

------------------------------------------------------------------------------------------------------------------------

[2021-10-21 11:09:25 #1 store] 
Database 'C:\Users\telmo\Desktop\Proyecto2\Bets21\src\main\resources\bets.temp' is opened by 6704@DESKTOP-7ADQIQM

[2021-10-21 11:09:25 #2 type.registry] 
New type domain.Cuenta

[2021-10-21 11:09:25 #3 type] 
Type domain.Cuenta is not enhanced.

[2021-10-21 11:09:25 #4 type.registry] 
New type domain.CuentaAhorro

[2021-10-21 11:09:25 #5 type.registry] 
New type java.util.Vector<domain.CuentaAhorro>

[2021-10-21 11:09:25 #6 type] 
Type domain.CuentaAhorro is not enhanced.

[2021-10-21 11:09:25 #7 type.registry] 
New type domain.Apuesta

[2021-10-21 11:09:25 #8 type.registry] 
New type java.util.Vector<domain.Apuesta>

[2021-10-21 11:09:25 #9 type] 
Type domain.Apuesta is not enhanced.

[2021-10-21 11:09:25 #10 type.registry] 
New type domain.Pronostico

[2021-10-21 11:09:25 #11 type.registry] 
New type domain.Question

[2021-10-21 11:09:25 #12 type.registry] 
New type domain.Event

[2021-10-21 11:09:25 #13 type] 
Type domain.Pronostico is not enhanced.

[2021-10-21 11:09:25 #14 type] 
Type domain.Question is not enhanced.

[2021-10-21 11:09:25 #15 type.registry] 
New type java.util.Vector<domain.Pronostico>

[2021-10-21 11:09:25 #16 type] 
Type domain.Event is not enhanced.

[2021-10-21 11:09:25 #17 type.registry] 
New type java.util.Vector<domain.Question>

[2021-10-21 11:09:25 #18 type.registry] 
New type java.util.Vector<java.lang.Object>

------------------------------------------------------------------------------------------------------------------------

[2021-10-21 11:14:45 #1 store] 
Database 'C:\Users\telmo\Desktop\Proyecto2\Bets21\src\main\resources\bets.temp' is opened by 20680@DESKTOP-7ADQIQM

[2021-10-21 11:14:45 #2 type.registry] 
New type domain.Cuenta

[2021-10-21 11:14:45 #3 type] 
Type domain.Cuenta is not enhanced.

[2021-10-21 11:14:45 #4 type.registry] 
New type domain.CuentaAhorro

[2021-10-21 11:14:45 #5 type.registry] 
New type java.util.Vector<domain.CuentaAhorro>

[2021-10-21 11:14:45 #6 type] 
Type domain.CuentaAhorro is not enhanced.

[2021-10-21 11:14:45 #7 type.registry] 
New type domain.Apuesta

[2021-10-21 11:14:45 #8 type.registry] 
New type java.util.Vector<domain.Apuesta>

[2021-10-21 11:14:45 #9 type] 
Type domain.Apuesta is not enhanced.

[2021-10-21 11:14:45 #10 type.registry] 
New type domain.Pronostico

[2021-10-21 11:14:45 #11 type.registry] 
New type domain.Question

[2021-10-21 11:14:45 #12 type.registry] 
New type domain.Event

[2021-10-21 11:14:45 #13 type] 
Type domain.Pronostico is not enhanced.

[2021-10-21 11:14:45 #14 type] 
Type domain.Question is not enhanced.

[2021-10-21 11:14:45 #15 type.registry] 
New type java.util.Vector<domain.Pronostico>

[2021-10-21 11:14:45 #16 type] 
Type domain.Event is not enhanced.

[2021-10-21 11:14:45 #17 type.registry] 
New type java.util.Vector<domain.Question>

[2021-10-21 11:14:45 #18 type.registry] 
New type java.util.Vector<java.lang.Object>

------------------------------------------------------------------------------------------------------------------------

[2021-10-21 11:15:13 #1 store] 
Database 'C:\Users\telmo\Desktop\Proyecto2\Bets21\src\main\resources\bets.temp' has been recovered (tr. 1-11)

[2021-10-21 11:15:13 #2 store] 
Database 'C:\Users\telmo\Desktop\Proyecto2\Bets21\src\main\resources\bets.temp' is opened by 7492@DESKTOP-7ADQIQM

[2021-10-21 11:15:13 #3 type] 
Type domain.Cuenta is not enhanced.

[2021-10-21 11:15:13 #4 type] 
Type domain.CuentaAhorro is not enhanced.

[2021-10-21 11:15:13 #5 type] 
Type domain.Apuesta is not enhanced.

[2021-10-21 11:15:13 #6 type] 
Type domain.Pronostico is not enhanced.

[2021-10-21 11:15:13 #7 type] 
Type domain.Question is not enhanced.

[2021-10-21 11:15:13 #8 type] 
Type domain.Event is not enhanced.

------------------------------------------------------------------------------------------------------------------------

[2021-10-21 11:16:06 #1 store] 
Database 'C:\Users\telmo\Desktop\Proyecto2\Bets21\src\main\resources\bets.temp' is opened by 1408@DESKTOP-7ADQIQM

[2021-10-21 11:16:06 #2 type.registry] 
New type domain.Cuenta

[2021-10-21 11:16:06 #3 type] 
Type domain.Cuenta is not enhanced.

[2021-10-21 11:16:06 #4 type.registry] 
New type domain.CuentaAhorro

[2021-10-21 11:16:06 #5 type.registry] 
New type java.util.Vector<domain.CuentaAhorro>

[2021-10-21 11:16:06 #6 type] 
Type domain.CuentaAhorro is not enhanced.

[2021-10-21 11:16:06 #7 type.registry] 
New type domain.Apuesta

[2021-10-21 11:16:06 #8 type.registry] 
New type java.util.Vector<domain.Apuesta>

[2021-10-21 11:16:06 #9 type] 
Type domain.Apuesta is not enhanced.

[2021-10-21 11:16:06 #10 type.registry] 
New type domain.Pronostico

[2021-10-21 11:16:06 #11 type.registry] 
New type domain.Question

[2021-10-21 11:16:06 #12 type.registry] 
New type domain.Event

[2021-10-21 11:16:06 #13 type] 
Type domain.Pronostico is not enhanced.

[2021-10-21 11:16:06 #14 type] 
Type domain.Question is not enhanced.

[2021-10-21 11:16:06 #15 type.registry] 
New type java.util.Vector<domain.Pronostico>

[2021-10-21 11:16:06 #16 type] 
Type domain.Event is not enhanced.

[2021-10-21 11:16:06 #17 type.registry] 
New type java.util.Vector<domain.Question>

[2021-10-21 11:16:06 #18 type.registry] 
New type java.util.Vector<java.lang.Object>

------------------------------------------------------------------------------------------------------------------------

[2021-10-21 11:20:12 #1 store] 
Database 'C:\Users\telmo\Desktop\Proyecto2\Bets21\src\main\resources\bets.temp' is opened by 5384@DESKTOP-7ADQIQM

[2021-10-21 11:20:13 #2 type.registry] 
New type domain.Cuenta

[2021-10-21 11:20:13 #3 type] 
Type domain.Cuenta is not enhanced.

[2021-10-21 11:20:13 #4 type.registry] 
New type domain.CuentaAhorro

[2021-10-21 11:20:13 #5 type.registry] 
New type java.util.Vector<domain.CuentaAhorro>

[2021-10-21 11:20:13 #6 type] 
Type domain.CuentaAhorro is not enhanced.

[2021-10-21 11:20:13 #7 type.registry] 
New type domain.Apuesta

[2021-10-21 11:20:13 #8 type.registry] 
New type java.util.Vector<domain.Apuesta>

[2021-10-21 11:20:13 #9 type] 
Type domain.Apuesta is not enhanced.

[2021-10-21 11:20:13 #10 type.registry] 
New type domain.Pronostico

[2021-10-21 11:20:13 #11 type.registry] 
New type domain.Question

[2021-10-21 11:20:13 #12 type.registry] 
New type domain.Event

[2021-10-21 11:20:13 #13 type] 
Type domain.Pronostico is not enhanced.

[2021-10-21 11:20:13 #14 type] 
Type domain.Question is not enhanced.

[2021-10-21 11:20:13 #15 type.registry] 
New type java.util.Vector<domain.Pronostico>

[2021-10-21 11:20:13 #16 type] 
Type domain.Event is not enhanced.

[2021-10-21 11:20:13 #17 type.registry] 
New type java.util.Vector<domain.Question>

[2021-10-21 11:20:13 #18 type.registry] 
New type java.util.Vector<java.lang.Object>

------------------------------------------------------------------------------------------------------------------------

[2021-10-21 11:20:44 #1 store] 
Database 'C:\Users\telmo\Desktop\Proyecto2\Bets21\src\main\resources\bets.temp' is opened by 15480@DESKTOP-7ADQIQM

[2021-10-21 11:20:45 #2 type.registry] 
New type domain.Cuenta

[2021-10-21 11:20:45 #3 type] 
Type domain.Cuenta is not enhanced.

[2021-10-21 11:20:45 #4 type.registry] 
New type domain.CuentaAhorro

[2021-10-21 11:20:45 #5 type.registry] 
New type java.util.Vector<domain.CuentaAhorro>

[2021-10-21 11:20:45 #6 type] 
Type domain.CuentaAhorro is not enhanced.

[2021-10-21 11:20:45 #7 type.registry] 
New type domain.Apuesta

[2021-10-21 11:20:45 #8 type.registry] 
New type java.util.Vector<domain.Apuesta>

[2021-10-21 11:20:45 #9 type] 
Type domain.Apuesta is not enhanced.

[2021-10-21 11:20:45 #10 type.registry] 
New type domain.Pronostico

[2021-10-21 11:20:45 #11 type.registry] 
New type domain.Question

[2021-10-21 11:20:45 #12 type.registry] 
New type domain.Event

[2021-10-21 11:20:45 #13 type] 
Type domain.Pronostico is not enhanced.

[2021-10-21 11:20:45 #14 type] 
Type domain.Question is not enhanced.

[2021-10-21 11:20:45 #15 type.registry] 
New type java.util.Vector<domain.Pronostico>

[2021-10-21 11:20:45 #16 type] 
Type domain.Event is not enhanced.

[2021-10-21 11:20:45 #17 type.registry] 
New type java.util.Vector<domain.Question>

[2021-10-21 11:20:45 #18 type.registry] 
New type java.util.Vector<java.lang.Object>

------------------------------------------------------------------------------------------------------------------------

[2021-10-21 11:21:02 #1 store] 
Database 'C:\Users\telmo\Desktop\Proyecto2\Bets21\src\main\resources\bets.temp' is opened by 4504@DESKTOP-7ADQIQM

[2021-10-21 11:21:03 #2 type.registry] 
New type domain.Cuenta

[2021-10-21 11:21:03 #3 type] 
Type domain.Cuenta is not enhanced.

[2021-10-21 11:21:03 #4 type.registry] 
New type domain.CuentaAhorro

[2021-10-21 11:21:03 #5 type.registry] 
New type java.util.Vector<domain.CuentaAhorro>

[2021-10-21 11:21:03 #6 type] 
Type domain.CuentaAhorro is not enhanced.

[2021-10-21 11:21:03 #7 type.registry] 
New type domain.Apuesta

[2021-10-21 11:21:03 #8 type.registry] 
New type java.util.Vector<domain.Apuesta>

[2021-10-21 11:21:03 #9 type] 
Type domain.Apuesta is not enhanced.

[2021-10-21 11:21:03 #10 type.registry] 
New type domain.Pronostico

[2021-10-21 11:21:03 #11 type.registry] 
New type domain.Question

[2021-10-21 11:21:03 #12 type.registry] 
New type domain.Event

[2021-10-21 11:21:03 #13 type] 
Type domain.Pronostico is not enhanced.

[2021-10-21 11:21:03 #14 type] 
Type domain.Question is not enhanced.

[2021-10-21 11:21:03 #15 type.registry] 
New type java.util.Vector<domain.Pronostico>

[2021-10-21 11:21:03 #16 type] 
Type domain.Event is not enhanced.

[2021-10-21 11:21:03 #17 type.registry] 
New type java.util.Vector<domain.Question>

[2021-10-21 11:21:03 #18 type.registry] 
New type java.util.Vector<java.lang.Object>

------------------------------------------------------------------------------------------------------------------------

[2021-10-21 11:21:55 #1 store] 
Database 'C:\Users\telmo\Desktop\Proyecto2\Bets21\src\main\resources\bets.temp' is opened by 2552@DESKTOP-7ADQIQM

[2021-10-21 11:21:55 #2 type.registry] 
New type domain.Cuenta

[2021-10-21 11:21:55 #3 type] 
Type domain.Cuenta is not enhanced.

[2021-10-21 11:21:55 #4 type.registry] 
New type domain.CuentaAhorro

[2021-10-21 11:21:55 #5 type.registry] 
New type java.util.Vector<domain.CuentaAhorro>

[2021-10-21 11:21:55 #6 type] 
Type domain.CuentaAhorro is not enhanced.

[2021-10-21 11:21:55 #7 type.registry] 
New type domain.Apuesta

[2021-10-21 11:21:55 #8 type.registry] 
New type java.util.Vector<domain.Apuesta>

[2021-10-21 11:21:55 #9 type] 
Type domain.Apuesta is not enhanced.

[2021-10-21 11:21:55 #10 type.registry] 
New type domain.Pronostico

[2021-10-21 11:21:55 #11 type.registry] 
New type domain.Question

[2021-10-21 11:21:55 #12 type.registry] 
New type domain.Event

[2021-10-21 11:21:55 #13 type] 
Type domain.Pronostico is not enhanced.

[2021-10-21 11:21:55 #14 type] 
Type domain.Question is not enhanced.

[2021-10-21 11:21:55 #15 type.registry] 
New type java.util.Vector<domain.Pronostico>

[2021-10-21 11:21:55 #16 type] 
Type domain.Event is not enhanced.

[2021-10-21 11:21:55 #17 type.registry] 
New type java.util.Vector<domain.Question>

[2021-10-21 11:21:55 #18 type.registry] 
New type java.util.Vector<java.lang.Object>

