------------------------------------------------------------------------------------------------------------------------

[2021-10-18 22:26:49 #1 store] 
Database 'F:\BetsCI\Bets21\src\main\resources\bets.temp' is opened by 14160@DESKTOP-IS987IB

[2021-10-18 22:26:49 #2 type.registry] 
New type domain.Cuenta

[2021-10-18 22:26:49 #3 type] 
Type domain.Cuenta is not enhanced.

[2021-10-18 22:26:49 #4 type.registry] 
New type domain.CuentaAhorro

[2021-10-18 22:26:49 #5 type.registry] 
New type java.util.Vector<domain.CuentaAhorro>

[2021-10-18 22:26:49 #6 type] 
Type domain.CuentaAhorro is not enhanced.

[2021-10-18 22:26:49 #7 type.registry] 
New type domain.Apuesta

[2021-10-18 22:26:49 #8 type.registry] 
New type java.util.Vector<domain.Apuesta>

[2021-10-18 22:26:49 #9 type] 
Type domain.Apuesta is not enhanced.

[2021-10-18 22:26:49 #10 type.registry] 
New type domain.Pronostico

[2021-10-18 22:26:49 #11 type.registry] 
New type domain.Question

[2021-10-18 22:26:49 #12 type.registry] 
New type domain.Event

[2021-10-18 22:26:49 #13 type] 
Type domain.Pronostico is not enhanced.

[2021-10-18 22:26:49 #14 type] 
Type domain.Question is not enhanced.

[2021-10-18 22:26:49 #15 type.registry] 
New type java.util.Vector<domain.Pronostico>

[2021-10-18 22:26:49 #16 type] 
Type domain.Event is not enhanced.

[2021-10-18 22:26:49 #17 type.registry] 
New type java.util.Vector<domain.Question>

[2021-10-18 22:26:49 #18 type.registry] 
New type java.util.Vector<java.lang.Object>

