------------------------------------------------------------------------------------------------------------------------

[2021-10-02 09:58:37 #1 store] 
Database 'F:\IS2\Bets21\src\main\resources\bets.temp' is opened by 13400@DESKTOP-IS987IB

[2021-10-02 09:58:44 #2 type.registry] 
New type domain.Cuenta

[2021-10-02 09:58:44 #3 type] 
Type domain.Cuenta is not enhanced.

[2021-10-02 09:58:44 #4 type.registry] 
New type domain.CuentaAhorro

[2021-10-02 09:58:44 #5 type.registry] 
New type java.util.Vector<domain.CuentaAhorro>

[2021-10-02 09:58:44 #6 type] 
Type domain.CuentaAhorro is not enhanced.

[2021-10-02 09:58:44 #7 type.registry] 
New type domain.Apuesta

[2021-10-02 09:58:44 #8 type.registry] 
New type java.util.Vector<domain.Apuesta>

[2021-10-02 09:58:44 #9 type] 
Type domain.Apuesta is not enhanced.

[2021-10-02 09:58:44 #10 type.registry] 
New type domain.Pronostico

[2021-10-02 09:58:44 #11 type.registry] 
New type domain.Question

[2021-10-02 09:58:44 #12 type.registry] 
New type domain.Event

[2021-10-02 09:58:44 #13 type] 
Type domain.Pronostico is not enhanced.

[2021-10-02 09:58:44 #14 type] 
Type domain.Question is not enhanced.

[2021-10-02 09:58:44 #15 type.registry] 
New type java.util.Vector<domain.Pronostico>

[2021-10-02 09:58:44 #16 type] 
Type domain.Event is not enhanced.

[2021-10-02 09:58:44 #17 type.registry] 
New type java.util.Vector<domain.Question>

------------------------------------------------------------------------------------------------------------------------

[2021-10-02 09:59:05 #1 store] 
Database 'F:\IS2\Bets21\src\main\resources\bets.temp' is opened by 23960@DESKTOP-IS987IB

[2021-10-02 09:59:05 #2 type.registry] 
New type domain.Cuenta

[2021-10-02 09:59:05 #3 type] 
Type domain.Cuenta is not enhanced.

[2021-10-02 09:59:05 #4 type.registry] 
New type domain.CuentaAhorro

[2021-10-02 09:59:05 #5 type.registry] 
New type java.util.Vector<domain.CuentaAhorro>

[2021-10-02 09:59:05 #6 type] 
Type domain.CuentaAhorro is not enhanced.

[2021-10-02 09:59:05 #7 type.registry] 
New type domain.Apuesta

[2021-10-02 09:59:05 #8 type.registry] 
New type java.util.Vector<domain.Apuesta>

[2021-10-02 09:59:05 #9 type] 
Type domain.Apuesta is not enhanced.

[2021-10-02 09:59:05 #10 type.registry] 
New type domain.Pronostico

[2021-10-02 09:59:05 #11 type.registry] 
New type domain.Question

[2021-10-02 09:59:05 #12 type.registry] 
New type domain.Event

[2021-10-02 09:59:05 #13 type] 
Type domain.Pronostico is not enhanced.

[2021-10-02 09:59:05 #14 type] 
Type domain.Question is not enhanced.

[2021-10-02 09:59:05 #15 type.registry] 
New type java.util.Vector<domain.Pronostico>

[2021-10-02 09:59:05 #16 type] 
Type domain.Event is not enhanced.

[2021-10-02 09:59:05 #17 type.registry] 
New type java.util.Vector<domain.Question>

[2021-10-02 09:59:05 #18 type.registry] 
New type java.util.Vector<java.lang.Object>

------------------------------------------------------------------------------------------------------------------------

[2021-10-02 12:07:03 #1 store] 
Database 'F:\IS2\Bets21\src\main\resources\bets.temp' is opened by 26848@DESKTOP-IS987IB

[2021-10-02 12:07:03 #2 type.registry] 
New type domain.Event

[2021-10-02 12:07:03 #3 type] 
Type domain.Event is not enhanced.

[2021-10-02 12:07:03 #4 type.registry] 
New type domain.Question

[2021-10-02 12:07:03 #5 type.registry] 
New type java.util.Vector<domain.Question>

[2021-10-02 12:07:03 #6 type] 
Type domain.Question is not enhanced.

[2021-10-02 12:07:03 #7 type.registry] 
New type domain.Pronostico

[2021-10-02 12:07:03 #8 type.registry] 
New type domain.Apuesta

[2021-10-02 12:07:03 #9 type.registry] 
New type java.util.Vector<domain.Apuesta>

[2021-10-02 12:07:03 #10 type.registry] 
New type java.util.Vector<domain.Pronostico>

[2021-10-02 12:07:03 #11 type] 
Type domain.Pronostico is not enhanced.

[2021-10-02 12:07:03 #12 type] 
Type domain.Apuesta is not enhanced.

[2021-10-02 12:07:03 #13 type.registry] 
New type domain.CuentaAhorro

[2021-10-02 12:07:03 #14 type.registry] 
New type domain.Cuenta

[2021-10-02 12:07:03 #15 type] 
Type domain.CuentaAhorro is not enhanced.

[2021-10-02 12:07:03 #16 type] 
Type domain.Cuenta is not enhanced.

[2021-10-02 12:07:03 #17 type.registry] 
New type java.util.Vector<domain.CuentaAhorro>

[2021-10-02 12:07:03 #18 type.registry] 
New type java.util.Vector<java.lang.Object>

------------------------------------------------------------------------------------------------------------------------

[2021-10-02 12:08:47 #1 store] 
Database 'F:\IS2\Bets21\src\main\resources\bets.temp' is opened by 20448@DESKTOP-IS987IB

[2021-10-02 12:08:47 #2 type.registry] 
New type domain.Cuenta

[2021-10-02 12:08:47 #3 type] 
Type domain.Cuenta is not enhanced.

[2021-10-02 12:08:47 #4 type.registry] 
New type domain.CuentaAhorro

[2021-10-02 12:08:47 #5 type.registry] 
New type java.util.Vector<domain.CuentaAhorro>

[2021-10-02 12:08:47 #6 type] 
Type domain.CuentaAhorro is not enhanced.

[2021-10-02 12:08:47 #7 type.registry] 
New type domain.Apuesta

[2021-10-02 12:08:47 #8 type.registry] 
New type java.util.Vector<domain.Apuesta>

[2021-10-02 12:08:47 #9 type] 
Type domain.Apuesta is not enhanced.

[2021-10-02 12:08:47 #10 type.registry] 
New type domain.Pronostico

[2021-10-02 12:08:47 #11 type.registry] 
New type domain.Question

[2021-10-02 12:08:47 #12 type.registry] 
New type domain.Event

[2021-10-02 12:08:47 #13 type] 
Type domain.Pronostico is not enhanced.

[2021-10-02 12:08:47 #14 type] 
Type domain.Question is not enhanced.

[2021-10-02 12:08:47 #15 type.registry] 
New type java.util.Vector<domain.Pronostico>

[2021-10-02 12:08:47 #16 type] 
Type domain.Event is not enhanced.

[2021-10-02 12:08:47 #17 type.registry] 
New type java.util.Vector<domain.Question>

[2021-10-02 12:08:47 #18 type.registry] 
New type java.util.Vector<java.lang.Object>

