------------------------------------------------------------------------------------------------------------------------

[2021-10-03 13:16:00 #1 store] 
Database 'F:\IS2\Bets21\src\main\resources\bets.temp' is opened by 1728@DESKTOP-IS987IB

[2021-10-03 13:16:00 #2 type.registry] 
New type domain.Event

[2021-10-03 13:16:00 #3 type] 
Type domain.Event is not enhanced.

[2021-10-03 13:16:00 #4 type.registry] 
New type domain.Question

[2021-10-03 13:16:00 #5 type.registry] 
New type java.util.Vector<domain.Question>

[2021-10-03 13:16:00 #6 type] 
Type domain.Question is not enhanced.

[2021-10-03 13:16:00 #7 type.registry] 
New type domain.Pronostico

[2021-10-03 13:16:00 #8 type.registry] 
New type domain.Apuesta

[2021-10-03 13:16:00 #9 type.registry] 
New type java.util.Vector<domain.Apuesta>

[2021-10-03 13:16:00 #10 type.registry] 
New type java.util.Vector<domain.Pronostico>

[2021-10-03 13:16:00 #11 type] 
Type domain.Pronostico is not enhanced.

[2021-10-03 13:16:00 #12 type] 
Type domain.Apuesta is not enhanced.

[2021-10-03 13:16:00 #13 type.registry] 
New type domain.CuentaAhorro

[2021-10-03 13:16:00 #14 type.registry] 
New type domain.Cuenta

[2021-10-03 13:16:00 #15 type] 
Type domain.CuentaAhorro is not enhanced.

[2021-10-03 13:16:00 #16 type] 
Type domain.Cuenta is not enhanced.

[2021-10-03 13:16:00 #17 type.registry] 
New type java.util.Vector<domain.CuentaAhorro>

[2021-10-03 13:16:00 #18 type.registry] 
New type java.util.Vector<java.lang.Object>

------------------------------------------------------------------------------------------------------------------------

[2021-10-03 13:16:44 #1 store] 
Database 'F:\IS2\Bets21\src\main\resources\bets.temp' is opened by 28764@DESKTOP-IS987IB

[2021-10-03 13:16:44 #2 type.registry] 
New type domain.Cuenta

[2021-10-03 13:16:44 #3 type] 
Type domain.Cuenta is not enhanced.

[2021-10-03 13:16:44 #4 type.registry] 
New type domain.CuentaAhorro

[2021-10-03 13:16:44 #5 type.registry] 
New type java.util.Vector<domain.CuentaAhorro>

[2021-10-03 13:16:44 #6 type] 
Type domain.CuentaAhorro is not enhanced.

[2021-10-03 13:16:44 #7 type.registry] 
New type domain.Apuesta

[2021-10-03 13:16:44 #8 type.registry] 
New type java.util.Vector<domain.Apuesta>

[2021-10-03 13:16:44 #9 type] 
Type domain.Apuesta is not enhanced.

[2021-10-03 13:16:44 #10 type.registry] 
New type domain.Pronostico

[2021-10-03 13:16:44 #11 type.registry] 
New type domain.Question

[2021-10-03 13:16:44 #12 type.registry] 
New type domain.Event

[2021-10-03 13:16:44 #13 type] 
Type domain.Pronostico is not enhanced.

[2021-10-03 13:16:44 #14 type] 
Type domain.Question is not enhanced.

[2021-10-03 13:16:44 #15 type.registry] 
New type java.util.Vector<domain.Pronostico>

[2021-10-03 13:16:44 #16 type] 
Type domain.Event is not enhanced.

[2021-10-03 13:16:44 #17 type.registry] 
New type java.util.Vector<domain.Question>

------------------------------------------------------------------------------------------------------------------------

[2021-10-03 13:44:07 #1 store] 
Database 'F:\IS2\Bets21\src\main\resources\bets.temp' is opened by 29364@DESKTOP-IS987IB

[2021-10-03 13:44:07 #2 type.registry] 
New type domain.Cuenta

[2021-10-03 13:44:07 #3 type] 
Type domain.Cuenta is not enhanced.

[2021-10-03 13:44:07 #4 type.registry] 
New type domain.CuentaAhorro

[2021-10-03 13:44:07 #5 type.registry] 
New type java.util.Vector<domain.CuentaAhorro>

[2021-10-03 13:44:07 #6 type] 
Type domain.CuentaAhorro is not enhanced.

[2021-10-03 13:44:07 #7 type.registry] 
New type domain.Apuesta

[2021-10-03 13:44:07 #8 type.registry] 
New type java.util.Vector<domain.Apuesta>

[2021-10-03 13:44:07 #9 type] 
Type domain.Apuesta is not enhanced.

[2021-10-03 13:44:07 #10 type.registry] 
New type domain.Pronostico

[2021-10-03 13:44:07 #11 type.registry] 
New type domain.Question

[2021-10-03 13:44:07 #12 type.registry] 
New type domain.Event

[2021-10-03 13:44:07 #13 type] 
Type domain.Pronostico is not enhanced.

[2021-10-03 13:44:07 #14 type] 
Type domain.Question is not enhanced.

[2021-10-03 13:44:07 #15 type.registry] 
New type java.util.Vector<domain.Pronostico>

[2021-10-03 13:44:07 #16 type] 
Type domain.Event is not enhanced.

[2021-10-03 13:44:07 #17 type.registry] 
New type java.util.Vector<domain.Question>

------------------------------------------------------------------------------------------------------------------------

[2021-10-03 13:44:37 #1 store] 
Database 'F:\IS2\Bets21\src\main\resources\bets.temp' is opened by 1036@DESKTOP-IS987IB

[2021-10-03 13:44:37 #2 type.registry] 
New type domain.Cuenta

[2021-10-03 13:44:37 #3 type] 
Type domain.Cuenta is not enhanced.

[2021-10-03 13:44:37 #4 type.registry] 
New type domain.CuentaAhorro

[2021-10-03 13:44:37 #5 type.registry] 
New type java.util.Vector<domain.CuentaAhorro>

[2021-10-03 13:44:37 #6 type] 
Type domain.CuentaAhorro is not enhanced.

[2021-10-03 13:44:37 #7 type.registry] 
New type domain.Apuesta

[2021-10-03 13:44:37 #8 type.registry] 
New type java.util.Vector<domain.Apuesta>

[2021-10-03 13:44:37 #9 type] 
Type domain.Apuesta is not enhanced.

[2021-10-03 13:44:37 #10 type.registry] 
New type domain.Pronostico

[2021-10-03 13:44:37 #11 type.registry] 
New type domain.Question

[2021-10-03 13:44:37 #12 type.registry] 
New type domain.Event

[2021-10-03 13:44:37 #13 type] 
Type domain.Pronostico is not enhanced.

[2021-10-03 13:44:37 #14 type] 
Type domain.Question is not enhanced.

[2021-10-03 13:44:37 #15 type.registry] 
New type java.util.Vector<domain.Pronostico>

[2021-10-03 13:44:37 #16 type] 
Type domain.Event is not enhanced.

[2021-10-03 13:44:37 #17 type.registry] 
New type java.util.Vector<domain.Question>

------------------------------------------------------------------------------------------------------------------------

[2021-10-03 13:44:56 #1 store] 
Database 'F:\IS2\Bets21\src\main\resources\bets.temp' is opened by 31560@DESKTOP-IS987IB

[2021-10-03 13:44:56 #2 type.registry] 
New type domain.Cuenta

[2021-10-03 13:44:56 #3 type] 
Type domain.Cuenta is not enhanced.

[2021-10-03 13:44:56 #4 type.registry] 
New type domain.CuentaAhorro

[2021-10-03 13:44:56 #5 type.registry] 
New type java.util.Vector<domain.CuentaAhorro>

[2021-10-03 13:44:56 #6 type] 
Type domain.CuentaAhorro is not enhanced.

[2021-10-03 13:44:56 #7 type.registry] 
New type domain.Apuesta

[2021-10-03 13:44:56 #8 type.registry] 
New type java.util.Vector<domain.Apuesta>

[2021-10-03 13:44:56 #9 type] 
Type domain.Apuesta is not enhanced.

[2021-10-03 13:44:56 #10 type.registry] 
New type domain.Pronostico

[2021-10-03 13:44:56 #11 type.registry] 
New type domain.Question

[2021-10-03 13:44:56 #12 type.registry] 
New type domain.Event

[2021-10-03 13:44:56 #13 type] 
Type domain.Pronostico is not enhanced.

[2021-10-03 13:44:56 #14 type] 
Type domain.Question is not enhanced.

[2021-10-03 13:44:56 #15 type.registry] 
New type java.util.Vector<domain.Pronostico>

[2021-10-03 13:44:56 #16 type] 
Type domain.Event is not enhanced.

[2021-10-03 13:44:56 #17 type.registry] 
New type java.util.Vector<domain.Question>

------------------------------------------------------------------------------------------------------------------------

[2021-10-03 15:41:49 #1 store] 
Database 'F:\IS2\Bets21\src\main\resources\bets.temp' is opened by 14032@DESKTOP-IS987IB

[2021-10-03 15:41:50 #2 type.registry] 
New type domain.Event

[2021-10-03 15:41:50 #3 type] 
Type domain.Event is not enhanced.

[2021-10-03 15:41:50 #4 type.registry] 
New type domain.Question

[2021-10-03 15:41:50 #5 type.registry] 
New type java.util.Vector<domain.Question>

[2021-10-03 15:41:50 #6 type] 
Type domain.Question is not enhanced.

[2021-10-03 15:41:50 #7 type.registry] 
New type domain.Pronostico

[2021-10-03 15:41:50 #8 type.registry] 
New type domain.Apuesta

[2021-10-03 15:41:50 #9 type.registry] 
New type java.util.Vector<domain.Apuesta>

[2021-10-03 15:41:50 #10 type.registry] 
New type java.util.Vector<domain.Pronostico>

[2021-10-03 15:41:50 #11 type] 
Type domain.Pronostico is not enhanced.

[2021-10-03 15:41:50 #12 type] 
Type domain.Apuesta is not enhanced.

[2021-10-03 15:41:50 #13 type.registry] 
New type domain.CuentaAhorro

[2021-10-03 15:41:50 #14 type.registry] 
New type domain.Cuenta

[2021-10-03 15:41:50 #15 type] 
Type domain.CuentaAhorro is not enhanced.

[2021-10-03 15:41:50 #16 type] 
Type domain.Cuenta is not enhanced.

[2021-10-03 15:41:50 #17 type.registry] 
New type java.util.Vector<domain.CuentaAhorro>

[2021-10-03 15:41:50 #18 type.registry] 
New type java.util.Vector<java.lang.Object>

------------------------------------------------------------------------------------------------------------------------

[2021-10-03 15:42:22 #1 store] 
Database 'F:\IS2\Bets21\src\main\resources\bets.temp' is opened by 8308@DESKTOP-IS987IB

[2021-10-03 15:42:22 #2 type.registry] 
New type domain.Event

[2021-10-03 15:42:22 #3 type] 
Type domain.Event is not enhanced.

[2021-10-03 15:42:22 #4 type.registry] 
New type domain.Question

[2021-10-03 15:42:22 #5 type.registry] 
New type java.util.Vector<domain.Question>

[2021-10-03 15:42:22 #6 type] 
Type domain.Question is not enhanced.

[2021-10-03 15:42:22 #7 type.registry] 
New type domain.Pronostico

[2021-10-03 15:42:22 #8 type.registry] 
New type domain.Apuesta

[2021-10-03 15:42:22 #9 type.registry] 
New type java.util.Vector<domain.Apuesta>

[2021-10-03 15:42:22 #10 type.registry] 
New type java.util.Vector<domain.Pronostico>

[2021-10-03 15:42:22 #11 type] 
Type domain.Pronostico is not enhanced.

[2021-10-03 15:42:22 #12 type] 
Type domain.Apuesta is not enhanced.

[2021-10-03 15:42:22 #13 type.registry] 
New type domain.CuentaAhorro

[2021-10-03 15:42:22 #14 type.registry] 
New type domain.Cuenta

[2021-10-03 15:42:22 #15 type] 
Type domain.CuentaAhorro is not enhanced.

[2021-10-03 15:42:22 #16 type] 
Type domain.Cuenta is not enhanced.

[2021-10-03 15:42:22 #17 type.registry] 
New type java.util.Vector<domain.CuentaAhorro>

[2021-10-03 15:42:22 #18 type.registry] 
New type java.util.Vector<java.lang.Object>

------------------------------------------------------------------------------------------------------------------------

[2021-10-03 16:20:19 #1 store] 
Database 'F:\IS2\Bets21\src\main\resources\bets.temp' is opened by 29460@DESKTOP-IS987IB

[2021-10-03 16:20:19 #2 type.registry] 
New type domain.Event

[2021-10-03 16:20:19 #3 type] 
Type domain.Event is not enhanced.

[2021-10-03 16:20:19 #4 type.registry] 
New type domain.Question

[2021-10-03 16:20:19 #5 type.registry] 
New type java.util.Vector<domain.Question>

[2021-10-03 16:20:19 #6 type] 
Type domain.Question is not enhanced.

[2021-10-03 16:20:19 #7 type.registry] 
New type domain.Pronostico

[2021-10-03 16:20:19 #8 type.registry] 
New type domain.Apuesta

[2021-10-03 16:20:19 #9 type.registry] 
New type java.util.Vector<domain.Apuesta>

[2021-10-03 16:20:19 #10 type.registry] 
New type java.util.Vector<domain.Pronostico>

[2021-10-03 16:20:19 #11 type] 
Type domain.Pronostico is not enhanced.

[2021-10-03 16:20:19 #12 type] 
Type domain.Apuesta is not enhanced.

[2021-10-03 16:20:19 #13 type.registry] 
New type domain.CuentaAhorro

[2021-10-03 16:20:19 #14 type.registry] 
New type domain.Cuenta

[2021-10-03 16:20:19 #15 type] 
Type domain.CuentaAhorro is not enhanced.

[2021-10-03 16:20:19 #16 type] 
Type domain.Cuenta is not enhanced.

[2021-10-03 16:20:19 #17 type.registry] 
New type java.util.Vector<domain.CuentaAhorro>

[2021-10-03 16:20:19 #18 type.registry] 
New type java.util.Vector<java.lang.Object>

------------------------------------------------------------------------------------------------------------------------

[2021-10-03 16:54:28 #1 store] 
Database 'F:\IS2\Bets21\src\main\resources\bets.temp' is opened by 2824@DESKTOP-IS987IB

[2021-10-03 16:54:29 #2 type.registry] 
New type domain.Event

[2021-10-03 16:54:29 #3 type] 
Type domain.Event is not enhanced.

[2021-10-03 16:54:29 #4 type.registry] 
New type domain.Question

[2021-10-03 16:54:29 #5 type.registry] 
New type java.util.Vector<domain.Question>

[2021-10-03 16:54:29 #6 type] 
Type domain.Question is not enhanced.

[2021-10-03 16:54:29 #7 type.registry] 
New type domain.Pronostico

[2021-10-03 16:54:29 #8 type.registry] 
New type domain.Apuesta

[2021-10-03 16:54:29 #9 type.registry] 
New type java.util.Vector<domain.Apuesta>

[2021-10-03 16:54:29 #10 type.registry] 
New type java.util.Vector<domain.Pronostico>

[2021-10-03 16:54:29 #11 type] 
Type domain.Pronostico is not enhanced.

[2021-10-03 16:54:29 #12 type] 
Type domain.Apuesta is not enhanced.

[2021-10-03 16:54:29 #13 type.registry] 
New type domain.CuentaAhorro

[2021-10-03 16:54:29 #14 type.registry] 
New type domain.Cuenta

[2021-10-03 16:54:29 #15 type] 
Type domain.CuentaAhorro is not enhanced.

[2021-10-03 16:54:29 #16 type] 
Type domain.Cuenta is not enhanced.

[2021-10-03 16:54:29 #17 type.registry] 
New type java.util.Vector<domain.CuentaAhorro>

[2021-10-03 16:54:29 #18 type.registry] 
New type java.util.Vector<java.lang.Object>

------------------------------------------------------------------------------------------------------------------------

[2021-10-03 16:54:46 #1 store] 
Database 'F:\IS2\Bets21\src\main\resources\bets.temp' is opened by 28508@DESKTOP-IS987IB

[2021-10-03 16:54:46 #2 type.registry] 
New type domain.Event

[2021-10-03 16:54:46 #3 type] 
Type domain.Event is not enhanced.

[2021-10-03 16:54:46 #4 type.registry] 
New type domain.Question

[2021-10-03 16:54:46 #5 type.registry] 
New type java.util.Vector<domain.Question>

[2021-10-03 16:54:46 #6 type] 
Type domain.Question is not enhanced.

[2021-10-03 16:54:46 #7 type.registry] 
New type domain.Pronostico

[2021-10-03 16:54:46 #8 type.registry] 
New type domain.Apuesta

[2021-10-03 16:54:46 #9 type.registry] 
New type java.util.Vector<domain.Apuesta>

[2021-10-03 16:54:46 #10 type.registry] 
New type java.util.Vector<domain.Pronostico>

[2021-10-03 16:54:46 #11 type] 
Type domain.Pronostico is not enhanced.

[2021-10-03 16:54:46 #12 type] 
Type domain.Apuesta is not enhanced.

[2021-10-03 16:54:46 #13 type.registry] 
New type domain.CuentaAhorro

[2021-10-03 16:54:46 #14 type.registry] 
New type domain.Cuenta

[2021-10-03 16:54:46 #15 type] 
Type domain.CuentaAhorro is not enhanced.

[2021-10-03 16:54:46 #16 type] 
Type domain.Cuenta is not enhanced.

[2021-10-03 16:54:46 #17 type.registry] 
New type java.util.Vector<domain.CuentaAhorro>

[2021-10-03 16:54:46 #18 type.registry] 
New type java.util.Vector<java.lang.Object>

------------------------------------------------------------------------------------------------------------------------

[2021-10-03 16:56:33 #1 store] 
Database 'F:\IS2\Bets21\src\main\resources\bets.temp' is opened by 31552@DESKTOP-IS987IB

[2021-10-03 16:56:33 #2 type.registry] 
New type domain.Event

[2021-10-03 16:56:33 #3 type] 
Type domain.Event is not enhanced.

[2021-10-03 16:56:33 #4 type.registry] 
New type domain.Question

[2021-10-03 16:56:33 #5 type.registry] 
New type java.util.Vector<domain.Question>

[2021-10-03 16:56:33 #6 type] 
Type domain.Question is not enhanced.

[2021-10-03 16:56:33 #7 type.registry] 
New type domain.Pronostico

[2021-10-03 16:56:33 #8 type.registry] 
New type domain.Apuesta

[2021-10-03 16:56:33 #9 type.registry] 
New type java.util.Vector<domain.Apuesta>

[2021-10-03 16:56:33 #10 type.registry] 
New type java.util.Vector<domain.Pronostico>

[2021-10-03 16:56:33 #11 type] 
Type domain.Pronostico is not enhanced.

[2021-10-03 16:56:33 #12 type] 
Type domain.Apuesta is not enhanced.

[2021-10-03 16:56:33 #13 type.registry] 
New type domain.CuentaAhorro

[2021-10-03 16:56:33 #14 type.registry] 
New type domain.Cuenta

[2021-10-03 16:56:33 #15 type] 
Type domain.CuentaAhorro is not enhanced.

[2021-10-03 16:56:33 #16 type] 
Type domain.Cuenta is not enhanced.

[2021-10-03 16:56:33 #17 type.registry] 
New type java.util.Vector<domain.CuentaAhorro>

[2021-10-03 16:56:33 #18 type.registry] 
New type java.util.Vector<java.lang.Object>

------------------------------------------------------------------------------------------------------------------------

[2021-10-03 16:57:29 #1 store] 
Database 'F:\IS2\Bets21\src\main\resources\bets.temp' is opened by 16552@DESKTOP-IS987IB

[2021-10-03 16:57:30 #2 type.registry] 
New type domain.Event

[2021-10-03 16:57:30 #3 type] 
Type domain.Event is not enhanced.

[2021-10-03 16:57:30 #4 type.registry] 
New type domain.Question

[2021-10-03 16:57:30 #5 type.registry] 
New type java.util.Vector<domain.Question>

[2021-10-03 16:57:30 #6 type] 
Type domain.Question is not enhanced.

[2021-10-03 16:57:30 #7 type.registry] 
New type domain.Pronostico

[2021-10-03 16:57:30 #8 type.registry] 
New type domain.Apuesta

[2021-10-03 16:57:30 #9 type.registry] 
New type java.util.Vector<domain.Apuesta>

[2021-10-03 16:57:30 #10 type.registry] 
New type java.util.Vector<domain.Pronostico>

[2021-10-03 16:57:30 #11 type] 
Type domain.Pronostico is not enhanced.

[2021-10-03 16:57:30 #12 type] 
Type domain.Apuesta is not enhanced.

[2021-10-03 16:57:30 #13 type.registry] 
New type domain.CuentaAhorro

[2021-10-03 16:57:30 #14 type.registry] 
New type domain.Cuenta

[2021-10-03 16:57:30 #15 type] 
Type domain.CuentaAhorro is not enhanced.

[2021-10-03 16:57:30 #16 type] 
Type domain.Cuenta is not enhanced.

[2021-10-03 16:57:30 #17 type.registry] 
New type java.util.Vector<domain.CuentaAhorro>

[2021-10-03 16:57:30 #18 type.registry] 
New type java.util.Vector<java.lang.Object>

------------------------------------------------------------------------------------------------------------------------

[2021-10-03 17:01:37 #1 store] 
Database 'F:\IS2\Bets21\src\main\resources\bets.temp' is opened by 31852@DESKTOP-IS987IB

[2021-10-03 17:01:37 #2 type.registry] 
New type domain.Event

[2021-10-03 17:01:37 #3 type] 
Type domain.Event is not enhanced.

[2021-10-03 17:01:37 #4 type.registry] 
New type domain.Question

[2021-10-03 17:01:37 #5 type.registry] 
New type java.util.Vector<domain.Question>

[2021-10-03 17:01:37 #6 type] 
Type domain.Question is not enhanced.

[2021-10-03 17:01:37 #7 type.registry] 
New type domain.Pronostico

[2021-10-03 17:01:37 #8 type.registry] 
New type domain.Apuesta

[2021-10-03 17:01:37 #9 type.registry] 
New type java.util.Vector<domain.Apuesta>

[2021-10-03 17:01:37 #10 type.registry] 
New type java.util.Vector<domain.Pronostico>

[2021-10-03 17:01:37 #11 type] 
Type domain.Pronostico is not enhanced.

[2021-10-03 17:01:37 #12 type] 
Type domain.Apuesta is not enhanced.

[2021-10-03 17:01:37 #13 type.registry] 
New type domain.CuentaAhorro

[2021-10-03 17:01:37 #14 type.registry] 
New type domain.Cuenta

[2021-10-03 17:01:37 #15 type] 
Type domain.CuentaAhorro is not enhanced.

[2021-10-03 17:01:37 #16 type] 
Type domain.Cuenta is not enhanced.

[2021-10-03 17:01:37 #17 type.registry] 
New type java.util.Vector<domain.CuentaAhorro>

[2021-10-03 17:01:37 #18 type.registry] 
New type java.util.Vector<java.lang.Object>

------------------------------------------------------------------------------------------------------------------------

[2021-10-03 17:20:57 #1 store] 
Database 'F:\IS2\Bets21\src\main\resources\bets.temp' is opened by 17084@DESKTOP-IS987IB

[2021-10-03 17:20:57 #2 type.registry] 
New type domain.Cuenta

[2021-10-03 17:20:57 #3 type] 
Type domain.Cuenta is not enhanced.

[2021-10-03 17:20:57 #4 type.registry] 
New type domain.CuentaAhorro

[2021-10-03 17:20:57 #5 type.registry] 
New type java.util.Vector<domain.CuentaAhorro>

[2021-10-03 17:20:57 #6 type] 
Type domain.CuentaAhorro is not enhanced.

[2021-10-03 17:20:57 #7 type.registry] 
New type domain.Apuesta

[2021-10-03 17:20:57 #8 type.registry] 
New type java.util.Vector<domain.Apuesta>

[2021-10-03 17:20:57 #9 type] 
Type domain.Apuesta is not enhanced.

[2021-10-03 17:20:57 #10 type.registry] 
New type domain.Pronostico

[2021-10-03 17:20:57 #11 type.registry] 
New type domain.Question

[2021-10-03 17:20:57 #12 type.registry] 
New type domain.Event

[2021-10-03 17:20:57 #13 type] 
Type domain.Pronostico is not enhanced.

[2021-10-03 17:20:57 #14 type] 
Type domain.Question is not enhanced.

[2021-10-03 17:20:57 #15 type.registry] 
New type java.util.Vector<domain.Pronostico>

[2021-10-03 17:20:57 #16 type] 
Type domain.Event is not enhanced.

[2021-10-03 17:20:57 #17 type.registry] 
New type java.util.Vector<domain.Question>

[2021-10-03 17:20:57 #18 type.registry] 
New type java.util.Vector<java.lang.Object>

------------------------------------------------------------------------------------------------------------------------

[2021-10-03 17:27:54 #1 store] 
Database 'F:\IS2\Bets21\src\main\resources\bets.temp' is opened by 15380@DESKTOP-IS987IB

[2021-10-03 17:27:54 #2 type.registry] 
New type domain.Cuenta

[2021-10-03 17:27:54 #3 type] 
Type domain.Cuenta is not enhanced.

[2021-10-03 17:27:54 #4 type.registry] 
New type domain.CuentaAhorro

[2021-10-03 17:27:54 #5 type.registry] 
New type java.util.Vector<domain.CuentaAhorro>

[2021-10-03 17:27:54 #6 type] 
Type domain.CuentaAhorro is not enhanced.

[2021-10-03 17:27:54 #7 type.registry] 
New type domain.Apuesta

[2021-10-03 17:27:54 #8 type.registry] 
New type java.util.Vector<domain.Apuesta>

[2021-10-03 17:27:54 #9 type] 
Type domain.Apuesta is not enhanced.

[2021-10-03 17:27:54 #10 type.registry] 
New type domain.Pronostico

[2021-10-03 17:27:54 #11 type.registry] 
New type domain.Question

[2021-10-03 17:27:54 #12 type.registry] 
New type domain.Event

[2021-10-03 17:27:54 #13 type] 
Type domain.Pronostico is not enhanced.

[2021-10-03 17:27:54 #14 type] 
Type domain.Question is not enhanced.

[2021-10-03 17:27:54 #15 type.registry] 
New type java.util.Vector<domain.Pronostico>

[2021-10-03 17:27:54 #16 type] 
Type domain.Event is not enhanced.

[2021-10-03 17:27:54 #17 type.registry] 
New type java.util.Vector<domain.Question>

[2021-10-03 17:27:54 #18 type.registry] 
New type java.util.Vector<java.lang.Object>

------------------------------------------------------------------------------------------------------------------------

[2021-10-03 17:28:40 #1 store] 
Database 'F:\IS2\Bets21\src\main\resources\bets.temp' is opened by 11980@DESKTOP-IS987IB

[2021-10-03 17:28:40 #2 type.registry] 
New type domain.Cuenta

[2021-10-03 17:28:40 #3 type] 
Type domain.Cuenta is not enhanced.

[2021-10-03 17:28:40 #4 type.registry] 
New type domain.CuentaAhorro

[2021-10-03 17:28:40 #5 type.registry] 
New type java.util.Vector<domain.CuentaAhorro>

[2021-10-03 17:28:40 #6 type] 
Type domain.CuentaAhorro is not enhanced.

[2021-10-03 17:28:40 #7 type.registry] 
New type domain.Apuesta

[2021-10-03 17:28:40 #8 type.registry] 
New type java.util.Vector<domain.Apuesta>

[2021-10-03 17:28:40 #9 type] 
Type domain.Apuesta is not enhanced.

[2021-10-03 17:28:40 #10 type.registry] 
New type domain.Pronostico

[2021-10-03 17:28:40 #11 type.registry] 
New type domain.Question

[2021-10-03 17:28:40 #12 type.registry] 
New type domain.Event

[2021-10-03 17:28:40 #13 type] 
Type domain.Pronostico is not enhanced.

[2021-10-03 17:28:40 #14 type] 
Type domain.Question is not enhanced.

[2021-10-03 17:28:40 #15 type.registry] 
New type java.util.Vector<domain.Pronostico>

[2021-10-03 17:28:40 #16 type] 
Type domain.Event is not enhanced.

[2021-10-03 17:28:40 #17 type.registry] 
New type java.util.Vector<domain.Question>

[2021-10-03 17:28:40 #18 type.registry] 
New type java.util.Vector<java.lang.Object>

------------------------------------------------------------------------------------------------------------------------

[2021-10-03 17:44:36 #1 store] 
Database 'F:\IS2\Bets21\src\main\resources\bets.temp' is opened by 14232@DESKTOP-IS987IB

[2021-10-03 17:44:36 #2 type.registry] 
New type domain.Cuenta

[2021-10-03 17:44:36 #3 type] 
Type domain.Cuenta is not enhanced.

[2021-10-03 17:44:36 #4 type.registry] 
New type domain.CuentaAhorro

[2021-10-03 17:44:36 #5 type.registry] 
New type java.util.Vector<domain.CuentaAhorro>

[2021-10-03 17:44:36 #6 type] 
Type domain.CuentaAhorro is not enhanced.

[2021-10-03 17:44:36 #7 type.registry] 
New type domain.Apuesta

[2021-10-03 17:44:36 #8 type.registry] 
New type java.util.Vector<domain.Apuesta>

[2021-10-03 17:44:36 #9 type] 
Type domain.Apuesta is not enhanced.

[2021-10-03 17:44:36 #10 type.registry] 
New type domain.Pronostico

[2021-10-03 17:44:36 #11 type.registry] 
New type domain.Question

[2021-10-03 17:44:36 #12 type.registry] 
New type domain.Event

[2021-10-03 17:44:36 #13 type] 
Type domain.Pronostico is not enhanced.

[2021-10-03 17:44:36 #14 type] 
Type domain.Question is not enhanced.

[2021-10-03 17:44:36 #15 type.registry] 
New type java.util.Vector<domain.Pronostico>

[2021-10-03 17:44:36 #16 type] 
Type domain.Event is not enhanced.

[2021-10-03 17:44:36 #17 type.registry] 
New type java.util.Vector<domain.Question>

[2021-10-03 17:44:36 #18 type.registry] 
New type java.util.Vector<java.lang.Object>

------------------------------------------------------------------------------------------------------------------------

[2021-10-03 17:45:01 #1 store] 
Database 'F:\IS2\Bets21\src\main\resources\bets.temp' is opened by 26640@DESKTOP-IS987IB

[2021-10-03 17:45:02 #2 type.registry] 
New type domain.Cuenta

[2021-10-03 17:45:02 #3 type] 
Type domain.Cuenta is not enhanced.

[2021-10-03 17:45:02 #4 type.registry] 
New type domain.CuentaAhorro

[2021-10-03 17:45:02 #5 type.registry] 
New type java.util.Vector<domain.CuentaAhorro>

[2021-10-03 17:45:02 #6 type] 
Type domain.CuentaAhorro is not enhanced.

[2021-10-03 17:45:02 #7 type.registry] 
New type domain.Apuesta

[2021-10-03 17:45:02 #8 type.registry] 
New type java.util.Vector<domain.Apuesta>

[2021-10-03 17:45:02 #9 type] 
Type domain.Apuesta is not enhanced.

[2021-10-03 17:45:02 #10 type.registry] 
New type domain.Pronostico

[2021-10-03 17:45:02 #11 type.registry] 
New type domain.Question

[2021-10-03 17:45:02 #12 type.registry] 
New type domain.Event

[2021-10-03 17:45:02 #13 type] 
Type domain.Pronostico is not enhanced.

[2021-10-03 17:45:02 #14 type] 
Type domain.Question is not enhanced.

[2021-10-03 17:45:02 #15 type.registry] 
New type java.util.Vector<domain.Pronostico>

[2021-10-03 17:45:02 #16 type] 
Type domain.Event is not enhanced.

[2021-10-03 17:45:02 #17 type.registry] 
New type java.util.Vector<domain.Question>

[2021-10-03 17:45:02 #18 type.registry] 
New type java.util.Vector<java.lang.Object>

------------------------------------------------------------------------------------------------------------------------

[2021-10-03 17:46:23 #1 store] 
Database 'F:\IS2\Bets21\src\main\resources\bets.temp' is opened by 31044@DESKTOP-IS987IB

[2021-10-03 17:46:23 #2 type.registry] 
New type domain.Cuenta

[2021-10-03 17:46:23 #3 type] 
Type domain.Cuenta is not enhanced.

[2021-10-03 17:46:23 #4 type.registry] 
New type domain.CuentaAhorro

[2021-10-03 17:46:23 #5 type.registry] 
New type java.util.Vector<domain.CuentaAhorro>

[2021-10-03 17:46:23 #6 type] 
Type domain.CuentaAhorro is not enhanced.

[2021-10-03 17:46:23 #7 type.registry] 
New type domain.Apuesta

[2021-10-03 17:46:23 #8 type.registry] 
New type java.util.Vector<domain.Apuesta>

[2021-10-03 17:46:23 #9 type] 
Type domain.Apuesta is not enhanced.

[2021-10-03 17:46:23 #10 type.registry] 
New type domain.Pronostico

[2021-10-03 17:46:23 #11 type.registry] 
New type domain.Question

[2021-10-03 17:46:23 #12 type.registry] 
New type domain.Event

[2021-10-03 17:46:23 #13 type] 
Type domain.Pronostico is not enhanced.

[2021-10-03 17:46:23 #14 type] 
Type domain.Question is not enhanced.

[2021-10-03 17:46:23 #15 type.registry] 
New type java.util.Vector<domain.Pronostico>

[2021-10-03 17:46:23 #16 type] 
Type domain.Event is not enhanced.

[2021-10-03 17:46:23 #17 type.registry] 
New type java.util.Vector<domain.Question>

[2021-10-03 17:46:23 #18 type.registry] 
New type java.util.Vector<java.lang.Object>

------------------------------------------------------------------------------------------------------------------------

[2021-10-03 17:49:33 #1 store] 
Database 'F:\IS2\Bets21\src\main\resources\bets.temp' is opened by 13716@DESKTOP-IS987IB

[2021-10-03 17:49:33 #2 type.registry] 
New type domain.Cuenta

[2021-10-03 17:49:33 #3 type] 
Type domain.Cuenta is not enhanced.

[2021-10-03 17:49:33 #4 type.registry] 
New type domain.CuentaAhorro

[2021-10-03 17:49:33 #5 type.registry] 
New type java.util.Vector<domain.CuentaAhorro>

[2021-10-03 17:49:33 #6 type] 
Type domain.CuentaAhorro is not enhanced.

[2021-10-03 17:49:33 #7 type.registry] 
New type domain.Apuesta

[2021-10-03 17:49:33 #8 type.registry] 
New type java.util.Vector<domain.Apuesta>

[2021-10-03 17:49:33 #9 type] 
Type domain.Apuesta is not enhanced.

[2021-10-03 17:49:33 #10 type.registry] 
New type domain.Pronostico

[2021-10-03 17:49:33 #11 type.registry] 
New type domain.Question

[2021-10-03 17:49:33 #12 type.registry] 
New type domain.Event

[2021-10-03 17:49:33 #13 type] 
Type domain.Pronostico is not enhanced.

[2021-10-03 17:49:33 #14 type] 
Type domain.Question is not enhanced.

[2021-10-03 17:49:33 #15 type.registry] 
New type java.util.Vector<domain.Pronostico>

[2021-10-03 17:49:33 #16 type] 
Type domain.Event is not enhanced.

[2021-10-03 17:49:33 #17 type.registry] 
New type java.util.Vector<domain.Question>

[2021-10-03 17:49:33 #18 type.registry] 
New type java.util.Vector<java.lang.Object>

------------------------------------------------------------------------------------------------------------------------

[2021-10-03 17:53:55 #1 store] 
Database 'F:\IS2\Bets21\src\main\resources\bets.temp' is opened by 23168@DESKTOP-IS987IB

[2021-10-03 17:53:55 #2 type.registry] 
New type domain.Cuenta

[2021-10-03 17:53:55 #3 type] 
Type domain.Cuenta is not enhanced.

[2021-10-03 17:53:55 #4 type.registry] 
New type domain.CuentaAhorro

[2021-10-03 17:53:55 #5 type.registry] 
New type java.util.Vector<domain.CuentaAhorro>

[2021-10-03 17:53:55 #6 type] 
Type domain.CuentaAhorro is not enhanced.

[2021-10-03 17:53:55 #7 type.registry] 
New type domain.Apuesta

[2021-10-03 17:53:55 #8 type.registry] 
New type java.util.Vector<domain.Apuesta>

[2021-10-03 17:53:55 #9 type] 
Type domain.Apuesta is not enhanced.

[2021-10-03 17:53:55 #10 type.registry] 
New type domain.Pronostico

[2021-10-03 17:53:55 #11 type.registry] 
New type domain.Question

[2021-10-03 17:53:55 #12 type.registry] 
New type domain.Event

[2021-10-03 17:53:55 #13 type] 
Type domain.Pronostico is not enhanced.

[2021-10-03 17:53:55 #14 type] 
Type domain.Question is not enhanced.

[2021-10-03 17:53:55 #15 type.registry] 
New type java.util.Vector<domain.Pronostico>

[2021-10-03 17:53:55 #16 type] 
Type domain.Event is not enhanced.

[2021-10-03 17:53:55 #17 type.registry] 
New type java.util.Vector<domain.Question>

[2021-10-03 17:53:55 #18 type.registry] 
New type java.util.Vector<java.lang.Object>

------------------------------------------------------------------------------------------------------------------------

[2021-10-03 17:56:41 #1 store] 
Database 'F:\IS2\Bets21\src\main\resources\bets.temp' is opened by 21204@DESKTOP-IS987IB

[2021-10-03 17:56:41 #2 type.registry] 
New type domain.Cuenta

[2021-10-03 17:56:41 #3 type] 
Type domain.Cuenta is not enhanced.

[2021-10-03 17:56:41 #4 type.registry] 
New type domain.CuentaAhorro

[2021-10-03 17:56:41 #5 type.registry] 
New type java.util.Vector<domain.CuentaAhorro>

[2021-10-03 17:56:41 #6 type] 
Type domain.CuentaAhorro is not enhanced.

[2021-10-03 17:56:41 #7 type.registry] 
New type domain.Apuesta

[2021-10-03 17:56:41 #8 type.registry] 
New type java.util.Vector<domain.Apuesta>

[2021-10-03 17:56:41 #9 type] 
Type domain.Apuesta is not enhanced.

[2021-10-03 17:56:41 #10 type.registry] 
New type domain.Pronostico

[2021-10-03 17:56:41 #11 type.registry] 
New type domain.Question

[2021-10-03 17:56:41 #12 type.registry] 
New type domain.Event

[2021-10-03 17:56:41 #13 type] 
Type domain.Pronostico is not enhanced.

[2021-10-03 17:56:41 #14 type] 
Type domain.Question is not enhanced.

[2021-10-03 17:56:41 #15 type.registry] 
New type java.util.Vector<domain.Pronostico>

[2021-10-03 17:56:41 #16 type] 
Type domain.Event is not enhanced.

[2021-10-03 17:56:41 #17 type.registry] 
New type java.util.Vector<domain.Question>

[2021-10-03 17:56:41 #18 type.registry] 
New type java.util.Vector<java.lang.Object>

------------------------------------------------------------------------------------------------------------------------

[2021-10-03 18:00:42 #1 store] 
Database 'F:\IS2\Bets21\src\main\resources\bets.temp' is opened by 32536@DESKTOP-IS987IB

[2021-10-03 18:00:42 #2 type.registry] 
New type domain.Cuenta

[2021-10-03 18:00:42 #3 type] 
Type domain.Cuenta is not enhanced.

[2021-10-03 18:00:42 #4 type.registry] 
New type domain.CuentaAhorro

[2021-10-03 18:00:42 #5 type.registry] 
New type java.util.Vector<domain.CuentaAhorro>

[2021-10-03 18:00:42 #6 type] 
Type domain.CuentaAhorro is not enhanced.

[2021-10-03 18:00:42 #7 type.registry] 
New type domain.Apuesta

[2021-10-03 18:00:42 #8 type.registry] 
New type java.util.Vector<domain.Apuesta>

[2021-10-03 18:00:42 #9 type] 
Type domain.Apuesta is not enhanced.

[2021-10-03 18:00:42 #10 type.registry] 
New type domain.Pronostico

[2021-10-03 18:00:42 #11 type.registry] 
New type domain.Question

[2021-10-03 18:00:42 #12 type.registry] 
New type domain.Event

[2021-10-03 18:00:42 #13 type] 
Type domain.Pronostico is not enhanced.

[2021-10-03 18:00:42 #14 type] 
Type domain.Question is not enhanced.

[2021-10-03 18:00:42 #15 type.registry] 
New type java.util.Vector<domain.Pronostico>

[2021-10-03 18:00:42 #16 type] 
Type domain.Event is not enhanced.

[2021-10-03 18:00:42 #17 type.registry] 
New type java.util.Vector<domain.Question>

[2021-10-03 18:00:42 #18 type.registry] 
New type java.util.Vector<java.lang.Object>

------------------------------------------------------------------------------------------------------------------------

[2021-10-03 20:45:27 #1 store] 
Database 'F:\IS2\Bets21\src\main\resources\bets.temp' is opened by 28236@DESKTOP-IS987IB

[2021-10-03 20:45:27 #2 type.registry] 
New type domain.Cuenta

[2021-10-03 20:45:27 #3 type] 
Type domain.Cuenta is not enhanced.

[2021-10-03 20:45:27 #4 type.registry] 
New type domain.CuentaAhorro

[2021-10-03 20:45:27 #5 type.registry] 
New type java.util.Vector<domain.CuentaAhorro>

[2021-10-03 20:45:27 #6 type] 
Type domain.CuentaAhorro is not enhanced.

[2021-10-03 20:45:27 #7 type.registry] 
New type domain.Apuesta

[2021-10-03 20:45:27 #8 type.registry] 
New type java.util.Vector<domain.Apuesta>

[2021-10-03 20:45:27 #9 type] 
Type domain.Apuesta is not enhanced.

[2021-10-03 20:45:27 #10 type.registry] 
New type domain.Pronostico

[2021-10-03 20:45:27 #11 type.registry] 
New type domain.Question

[2021-10-03 20:45:27 #12 type.registry] 
New type domain.Event

[2021-10-03 20:45:27 #13 type] 
Type domain.Pronostico is not enhanced.

[2021-10-03 20:45:27 #14 type] 
Type domain.Question is not enhanced.

[2021-10-03 20:45:27 #15 type.registry] 
New type java.util.Vector<domain.Pronostico>

[2021-10-03 20:45:27 #16 type] 
Type domain.Event is not enhanced.

[2021-10-03 20:45:27 #17 type.registry] 
New type java.util.Vector<domain.Question>

[2021-10-03 20:45:27 #18 type.registry] 
New type java.util.Vector<java.lang.Object>

------------------------------------------------------------------------------------------------------------------------

[2021-10-03 20:46:13 #1 store] 
Database 'F:\IS2\Bets21\src\main\resources\bets.temp' is opened by 13816@DESKTOP-IS987IB

[2021-10-03 20:46:13 #2 type.registry] 
New type domain.Cuenta

[2021-10-03 20:46:13 #3 type] 
Type domain.Cuenta is not enhanced.

[2021-10-03 20:46:13 #4 type.registry] 
New type domain.CuentaAhorro

[2021-10-03 20:46:13 #5 type.registry] 
New type java.util.Vector<domain.CuentaAhorro>

[2021-10-03 20:46:13 #6 type] 
Type domain.CuentaAhorro is not enhanced.

[2021-10-03 20:46:13 #7 type.registry] 
New type domain.Apuesta

[2021-10-03 20:46:13 #8 type.registry] 
New type java.util.Vector<domain.Apuesta>

[2021-10-03 20:46:13 #9 type] 
Type domain.Apuesta is not enhanced.

[2021-10-03 20:46:13 #10 type.registry] 
New type domain.Pronostico

[2021-10-03 20:46:13 #11 type.registry] 
New type domain.Question

[2021-10-03 20:46:13 #12 type.registry] 
New type domain.Event

[2021-10-03 20:46:13 #13 type] 
Type domain.Pronostico is not enhanced.

[2021-10-03 20:46:13 #14 type] 
Type domain.Question is not enhanced.

[2021-10-03 20:46:13 #15 type.registry] 
New type java.util.Vector<domain.Pronostico>

[2021-10-03 20:46:13 #16 type] 
Type domain.Event is not enhanced.

[2021-10-03 20:46:13 #17 type.registry] 
New type java.util.Vector<domain.Question>

[2021-10-03 20:46:13 #18 type.registry] 
New type java.util.Vector<java.lang.Object>

------------------------------------------------------------------------------------------------------------------------

[2021-10-03 20:52:14 #1 store] 
Database 'F:\IS2\Bets21\src\main\resources\bets.temp' is opened by 30980@DESKTOP-IS987IB

[2021-10-03 20:52:14 #2 type.registry] 
New type domain.Cuenta

[2021-10-03 20:52:14 #3 type] 
Type domain.Cuenta is not enhanced.

[2021-10-03 20:52:14 #4 type.registry] 
New type domain.CuentaAhorro

[2021-10-03 20:52:14 #5 type.registry] 
New type java.util.Vector<domain.CuentaAhorro>

[2021-10-03 20:52:14 #6 type] 
Type domain.CuentaAhorro is not enhanced.

[2021-10-03 20:52:14 #7 type.registry] 
New type domain.Apuesta

[2021-10-03 20:52:14 #8 type.registry] 
New type java.util.Vector<domain.Apuesta>

[2021-10-03 20:52:14 #9 type] 
Type domain.Apuesta is not enhanced.

[2021-10-03 20:52:14 #10 type.registry] 
New type domain.Pronostico

[2021-10-03 20:52:14 #11 type.registry] 
New type domain.Question

[2021-10-03 20:52:14 #12 type.registry] 
New type domain.Event

[2021-10-03 20:52:14 #13 type] 
Type domain.Pronostico is not enhanced.

[2021-10-03 20:52:14 #14 type] 
Type domain.Question is not enhanced.

[2021-10-03 20:52:14 #15 type.registry] 
New type java.util.Vector<domain.Pronostico>

[2021-10-03 20:52:14 #16 type] 
Type domain.Event is not enhanced.

[2021-10-03 20:52:14 #17 type.registry] 
New type java.util.Vector<domain.Question>

[2021-10-03 20:52:14 #18 type.registry] 
New type java.util.Vector<java.lang.Object>

------------------------------------------------------------------------------------------------------------------------

[2021-10-03 20:53:42 #1 store] 
Database 'F:\IS2\Bets21\src\main\resources\bets.temp' is opened by 30608@DESKTOP-IS987IB

[2021-10-03 20:53:42 #2 type.registry] 
New type domain.Cuenta

[2021-10-03 20:53:42 #3 type] 
Type domain.Cuenta is not enhanced.

[2021-10-03 20:53:42 #4 type.registry] 
New type domain.CuentaAhorro

[2021-10-03 20:53:42 #5 type.registry] 
New type java.util.Vector<domain.CuentaAhorro>

[2021-10-03 20:53:42 #6 type] 
Type domain.CuentaAhorro is not enhanced.

[2021-10-03 20:53:42 #7 type.registry] 
New type domain.Apuesta

[2021-10-03 20:53:42 #8 type.registry] 
New type java.util.Vector<domain.Apuesta>

[2021-10-03 20:53:42 #9 type] 
Type domain.Apuesta is not enhanced.

[2021-10-03 20:53:42 #10 type.registry] 
New type domain.Pronostico

[2021-10-03 20:53:42 #11 type.registry] 
New type domain.Question

[2021-10-03 20:53:42 #12 type.registry] 
New type domain.Event

[2021-10-03 20:53:42 #13 type] 
Type domain.Pronostico is not enhanced.

[2021-10-03 20:53:42 #14 type] 
Type domain.Question is not enhanced.

[2021-10-03 20:53:42 #15 type.registry] 
New type java.util.Vector<domain.Pronostico>

[2021-10-03 20:53:42 #16 type] 
Type domain.Event is not enhanced.

[2021-10-03 20:53:42 #17 type.registry] 
New type java.util.Vector<domain.Question>

[2021-10-03 20:53:42 #18 type.registry] 
New type java.util.Vector<java.lang.Object>

------------------------------------------------------------------------------------------------------------------------

[2021-10-03 20:53:57 #1 store] 
Database 'F:\IS2\Bets21\src\main\resources\bets.temp' is opened by 22844@DESKTOP-IS987IB

[2021-10-03 20:53:58 #2 type.registry] 
New type domain.Cuenta

[2021-10-03 20:53:58 #3 type] 
Type domain.Cuenta is not enhanced.

[2021-10-03 20:53:58 #4 type.registry] 
New type domain.CuentaAhorro

[2021-10-03 20:53:58 #5 type.registry] 
New type java.util.Vector<domain.CuentaAhorro>

[2021-10-03 20:53:58 #6 type] 
Type domain.CuentaAhorro is not enhanced.

[2021-10-03 20:53:58 #7 type.registry] 
New type domain.Apuesta

[2021-10-03 20:53:58 #8 type.registry] 
New type java.util.Vector<domain.Apuesta>

[2021-10-03 20:53:58 #9 type] 
Type domain.Apuesta is not enhanced.

[2021-10-03 20:53:58 #10 type.registry] 
New type domain.Pronostico

[2021-10-03 20:53:58 #11 type.registry] 
New type domain.Question

[2021-10-03 20:53:58 #12 type.registry] 
New type domain.Event

[2021-10-03 20:53:58 #13 type] 
Type domain.Pronostico is not enhanced.

[2021-10-03 20:53:58 #14 type] 
Type domain.Question is not enhanced.

[2021-10-03 20:53:58 #15 type.registry] 
New type java.util.Vector<domain.Pronostico>

[2021-10-03 20:53:58 #16 type] 
Type domain.Event is not enhanced.

[2021-10-03 20:53:58 #17 type.registry] 
New type java.util.Vector<domain.Question>

[2021-10-03 20:53:58 #18 type.registry] 
New type java.util.Vector<java.lang.Object>

------------------------------------------------------------------------------------------------------------------------

[2021-10-03 21:16:01 #1 store] 
Database 'F:\IS2\Bets21\src\main\resources\bets.temp' is opened by 19776@DESKTOP-IS987IB

[2021-10-03 21:16:01 #2 type.registry] 
New type domain.Cuenta

[2021-10-03 21:16:01 #3 type] 
Type domain.Cuenta is not enhanced.

[2021-10-03 21:16:01 #4 type.registry] 
New type domain.CuentaAhorro

[2021-10-03 21:16:01 #5 type.registry] 
New type java.util.Vector<domain.CuentaAhorro>

[2021-10-03 21:16:01 #6 type] 
Type domain.CuentaAhorro is not enhanced.

[2021-10-03 21:16:01 #7 type.registry] 
New type domain.Apuesta

[2021-10-03 21:16:01 #8 type.registry] 
New type java.util.Vector<domain.Apuesta>

[2021-10-03 21:16:01 #9 type] 
Type domain.Apuesta is not enhanced.

[2021-10-03 21:16:01 #10 type.registry] 
New type domain.Pronostico

[2021-10-03 21:16:01 #11 type.registry] 
New type domain.Question

[2021-10-03 21:16:01 #12 type.registry] 
New type domain.Event

[2021-10-03 21:16:01 #13 type] 
Type domain.Pronostico is not enhanced.

[2021-10-03 21:16:01 #14 type] 
Type domain.Question is not enhanced.

[2021-10-03 21:16:01 #15 type.registry] 
New type java.util.Vector<domain.Pronostico>

[2021-10-03 21:16:01 #16 type] 
Type domain.Event is not enhanced.

[2021-10-03 21:16:01 #17 type.registry] 
New type java.util.Vector<domain.Question>

[2021-10-03 21:16:01 #18 type.registry] 
New type java.util.Vector<java.lang.Object>

------------------------------------------------------------------------------------------------------------------------

[2021-10-03 21:16:40 #1 store] 
Database 'F:\IS2\Bets21\src\main\resources\bets.temp' is opened by 17456@DESKTOP-IS987IB

[2021-10-03 21:16:41 #2 type.registry] 
New type domain.Cuenta

[2021-10-03 21:16:41 #3 type] 
Type domain.Cuenta is not enhanced.

[2021-10-03 21:16:41 #4 type.registry] 
New type domain.CuentaAhorro

[2021-10-03 21:16:41 #5 type.registry] 
New type java.util.Vector<domain.CuentaAhorro>

[2021-10-03 21:16:41 #6 type] 
Type domain.CuentaAhorro is not enhanced.

[2021-10-03 21:16:41 #7 type.registry] 
New type domain.Apuesta

[2021-10-03 21:16:41 #8 type.registry] 
New type java.util.Vector<domain.Apuesta>

[2021-10-03 21:16:41 #9 type] 
Type domain.Apuesta is not enhanced.

[2021-10-03 21:16:41 #10 type.registry] 
New type domain.Pronostico

[2021-10-03 21:16:41 #11 type.registry] 
New type domain.Question

[2021-10-03 21:16:41 #12 type.registry] 
New type domain.Event

[2021-10-03 21:16:41 #13 type] 
Type domain.Pronostico is not enhanced.

[2021-10-03 21:16:41 #14 type] 
Type domain.Question is not enhanced.

[2021-10-03 21:16:41 #15 type.registry] 
New type java.util.Vector<domain.Pronostico>

[2021-10-03 21:16:41 #16 type] 
Type domain.Event is not enhanced.

[2021-10-03 21:16:41 #17 type.registry] 
New type java.util.Vector<domain.Question>

[2021-10-03 21:16:41 #18 type.registry] 
New type java.util.Vector<java.lang.Object>

------------------------------------------------------------------------------------------------------------------------

[2021-10-03 21:16:54 #1 store] 
Database 'F:\IS2\Bets21\src\main\resources\bets.temp' is opened by 26744@DESKTOP-IS987IB

[2021-10-03 21:16:54 #2 type.registry] 
New type domain.Cuenta

[2021-10-03 21:16:54 #3 type] 
Type domain.Cuenta is not enhanced.

[2021-10-03 21:16:54 #4 type.registry] 
New type domain.CuentaAhorro

[2021-10-03 21:16:54 #5 type.registry] 
New type java.util.Vector<domain.CuentaAhorro>

[2021-10-03 21:16:54 #6 type] 
Type domain.CuentaAhorro is not enhanced.

[2021-10-03 21:16:54 #7 type.registry] 
New type domain.Apuesta

[2021-10-03 21:16:54 #8 type.registry] 
New type java.util.Vector<domain.Apuesta>

[2021-10-03 21:16:54 #9 type] 
Type domain.Apuesta is not enhanced.

[2021-10-03 21:16:54 #10 type.registry] 
New type domain.Pronostico

[2021-10-03 21:16:54 #11 type.registry] 
New type domain.Question

[2021-10-03 21:16:54 #12 type.registry] 
New type domain.Event

[2021-10-03 21:16:54 #13 type] 
Type domain.Pronostico is not enhanced.

[2021-10-03 21:16:54 #14 type] 
Type domain.Question is not enhanced.

[2021-10-03 21:16:54 #15 type.registry] 
New type java.util.Vector<domain.Pronostico>

[2021-10-03 21:16:54 #16 type] 
Type domain.Event is not enhanced.

[2021-10-03 21:16:54 #17 type.registry] 
New type java.util.Vector<domain.Question>

[2021-10-03 21:16:54 #18 type.registry] 
New type java.util.Vector<java.lang.Object>

------------------------------------------------------------------------------------------------------------------------

[2021-10-03 21:19:40 #1 store] 
Database 'F:\IS2\Bets21\src\main\resources\bets.temp' is opened by 12340@DESKTOP-IS987IB

[2021-10-03 21:19:40 #2 type.registry] 
New type domain.Cuenta

[2021-10-03 21:19:40 #3 type] 
Type domain.Cuenta is not enhanced.

[2021-10-03 21:19:40 #4 type.registry] 
New type domain.CuentaAhorro

[2021-10-03 21:19:40 #5 type.registry] 
New type java.util.Vector<domain.CuentaAhorro>

[2021-10-03 21:19:40 #6 type] 
Type domain.CuentaAhorro is not enhanced.

[2021-10-03 21:19:40 #7 type.registry] 
New type domain.Apuesta

[2021-10-03 21:19:40 #8 type.registry] 
New type java.util.Vector<domain.Apuesta>

[2021-10-03 21:19:40 #9 type] 
Type domain.Apuesta is not enhanced.

[2021-10-03 21:19:40 #10 type.registry] 
New type domain.Pronostico

[2021-10-03 21:19:40 #11 type.registry] 
New type domain.Question

[2021-10-03 21:19:40 #12 type.registry] 
New type domain.Event

[2021-10-03 21:19:40 #13 type] 
Type domain.Pronostico is not enhanced.

[2021-10-03 21:19:40 #14 type] 
Type domain.Question is not enhanced.

[2021-10-03 21:19:40 #15 type.registry] 
New type java.util.Vector<domain.Pronostico>

[2021-10-03 21:19:40 #16 type] 
Type domain.Event is not enhanced.

[2021-10-03 21:19:40 #17 type.registry] 
New type java.util.Vector<domain.Question>

[2021-10-03 21:19:40 #18 type.registry] 
New type java.util.Vector<java.lang.Object>

------------------------------------------------------------------------------------------------------------------------

[2021-10-03 21:19:53 #1 store] 
Database 'F:\IS2\Bets21\src\main\resources\bets.temp' is opened by 8756@DESKTOP-IS987IB

[2021-10-03 21:19:53 #2 type.registry] 
New type domain.Cuenta

[2021-10-03 21:19:53 #3 type] 
Type domain.Cuenta is not enhanced.

[2021-10-03 21:19:53 #4 type.registry] 
New type domain.CuentaAhorro

[2021-10-03 21:19:53 #5 type.registry] 
New type java.util.Vector<domain.CuentaAhorro>

[2021-10-03 21:19:53 #6 type] 
Type domain.CuentaAhorro is not enhanced.

[2021-10-03 21:19:53 #7 type.registry] 
New type domain.Apuesta

[2021-10-03 21:19:53 #8 type.registry] 
New type java.util.Vector<domain.Apuesta>

[2021-10-03 21:19:53 #9 type] 
Type domain.Apuesta is not enhanced.

[2021-10-03 21:19:53 #10 type.registry] 
New type domain.Pronostico

[2021-10-03 21:19:53 #11 type.registry] 
New type domain.Question

[2021-10-03 21:19:53 #12 type.registry] 
New type domain.Event

[2021-10-03 21:19:53 #13 type] 
Type domain.Pronostico is not enhanced.

[2021-10-03 21:19:53 #14 type] 
Type domain.Question is not enhanced.

[2021-10-03 21:19:53 #15 type.registry] 
New type java.util.Vector<domain.Pronostico>

[2021-10-03 21:19:53 #16 type] 
Type domain.Event is not enhanced.

[2021-10-03 21:19:53 #17 type.registry] 
New type java.util.Vector<domain.Question>

[2021-10-03 21:19:53 #18 type.registry] 
New type java.util.Vector<java.lang.Object>

