------------------------------------------------------------------------------------------------------------------------

[2021-10-20 10:24:03 #1 store] 
Database 'F:\BetsCI\Bets21\src\main\resources\bets.temp' is opened by 29608@DESKTOP-IS987IB

[2021-10-20 10:24:03 #2 type.registry] 
New type domain.Cuenta

[2021-10-20 10:24:03 #3 type] 
Type domain.Cuenta is not enhanced.

[2021-10-20 10:24:03 #4 type.registry] 
New type domain.CuentaAhorro

[2021-10-20 10:24:03 #5 type.registry] 
New type java.util.Vector<domain.CuentaAhorro>

[2021-10-20 10:24:03 #6 type] 
Type domain.CuentaAhorro is not enhanced.

[2021-10-20 10:24:03 #7 type.registry] 
New type domain.Apuesta

[2021-10-20 10:24:03 #8 type.registry] 
New type java.util.Vector<domain.Apuesta>

[2021-10-20 10:24:03 #9 type] 
Type domain.Apuesta is not enhanced.

[2021-10-20 10:24:03 #10 type.registry] 
New type domain.Pronostico

[2021-10-20 10:24:03 #11 type.registry] 
New type domain.Question

[2021-10-20 10:24:03 #12 type.registry] 
New type domain.Event

[2021-10-20 10:24:03 #13 type] 
Type domain.Pronostico is not enhanced.

[2021-10-20 10:24:03 #14 type] 
Type domain.Question is not enhanced.

[2021-10-20 10:24:03 #15 type.registry] 
New type java.util.Vector<domain.Pronostico>

[2021-10-20 10:24:03 #16 type] 
Type domain.Event is not enhanced.

[2021-10-20 10:24:03 #17 type.registry] 
New type java.util.Vector<domain.Question>

[2021-10-20 10:24:03 #18 type.registry] 
New type java.util.Vector<java.lang.Object>

------------------------------------------------------------------------------------------------------------------------

[2021-10-20 11:50:56 #1 store] 
Database 'F:\BetsCI\Bets21\src\main\resources\bets.temp' is opened by 14328@DESKTOP-IS987IB

[2021-10-20 11:50:56 #2 type.registry] 
New type domain.Cuenta

[2021-10-20 11:50:56 #3 type] 
Type domain.Cuenta is not enhanced.

[2021-10-20 11:50:56 #4 type.registry] 
New type domain.CuentaAhorro

[2021-10-20 11:50:56 #5 type.registry] 
New type java.util.Vector<domain.CuentaAhorro>

[2021-10-20 11:50:56 #6 type] 
Type domain.CuentaAhorro is not enhanced.

[2021-10-20 11:50:56 #7 type.registry] 
New type domain.Apuesta

[2021-10-20 11:50:56 #8 type.registry] 
New type java.util.Vector<domain.Apuesta>

[2021-10-20 11:50:56 #9 type] 
Type domain.Apuesta is not enhanced.

[2021-10-20 11:50:56 #10 type.registry] 
New type domain.Pronostico

[2021-10-20 11:50:56 #11 type.registry] 
New type domain.Question

[2021-10-20 11:50:56 #12 type.registry] 
New type domain.Event

[2021-10-20 11:50:56 #13 type] 
Type domain.Pronostico is not enhanced.

[2021-10-20 11:50:56 #14 type] 
Type domain.Question is not enhanced.

[2021-10-20 11:50:56 #15 type.registry] 
New type java.util.Vector<domain.Pronostico>

[2021-10-20 11:50:56 #16 type] 
Type domain.Event is not enhanced.

[2021-10-20 11:50:56 #17 type.registry] 
New type java.util.Vector<domain.Question>

[2021-10-20 11:50:56 #18 type.registry] 
New type java.util.Vector<java.lang.Object>

------------------------------------------------------------------------------------------------------------------------

[2021-10-20 11:53:11 #1 store] 
Database 'F:\BetsCI\Bets21\src\main\resources\bets.temp' is opened by 10252@DESKTOP-IS987IB

[2021-10-20 11:53:11 #2 type.registry] 
New type domain.Event

[2021-10-20 11:53:11 #3 type] 
Type domain.Event is not enhanced.

[2021-10-20 11:53:11 #4 type.registry] 
New type domain.Question

[2021-10-20 11:53:11 #5 type.registry] 
New type java.util.Vector<domain.Question>

[2021-10-20 11:53:11 #6 type] 
Type domain.Question is not enhanced.

[2021-10-20 11:53:11 #7 type.registry] 
New type domain.Pronostico

[2021-10-20 11:53:11 #8 type.registry] 
New type domain.Apuesta

[2021-10-20 11:53:11 #9 type.registry] 
New type java.util.Vector<domain.Apuesta>

[2021-10-20 11:53:11 #10 type.registry] 
New type java.util.Vector<domain.Pronostico>

[2021-10-20 11:53:11 #11 type] 
Type domain.Pronostico is not enhanced.

[2021-10-20 11:53:11 #12 type] 
Type domain.Apuesta is not enhanced.

[2021-10-20 11:53:11 #13 type.registry] 
New type domain.CuentaAhorro

[2021-10-20 11:53:11 #14 type.registry] 
New type domain.Cuenta

[2021-10-20 11:53:11 #15 type] 
Type domain.CuentaAhorro is not enhanced.

[2021-10-20 11:53:11 #16 type] 
Type domain.Cuenta is not enhanced.

[2021-10-20 11:53:11 #17 type.registry] 
New type java.util.Vector<domain.CuentaAhorro>

[2021-10-20 11:53:11 #18 type.registry] 
New type java.util.Vector<java.lang.Object>

------------------------------------------------------------------------------------------------------------------------

[2021-10-20 11:54:12 #1 store] 
Database 'F:\BetsCI\Bets21\src\main\resources\bets.temp' is opened by 6188@DESKTOP-IS987IB

[2021-10-20 11:54:12 #2 type.registry] 
New type domain.Event

[2021-10-20 11:54:12 #3 type] 
Type domain.Event is not enhanced.

[2021-10-20 11:54:12 #4 type.registry] 
New type domain.Question

[2021-10-20 11:54:12 #5 type.registry] 
New type java.util.Vector<domain.Question>

[2021-10-20 11:54:12 #6 type] 
Type domain.Question is not enhanced.

[2021-10-20 11:54:12 #7 type.registry] 
New type domain.Pronostico

[2021-10-20 11:54:12 #8 type.registry] 
New type domain.Apuesta

[2021-10-20 11:54:12 #9 type.registry] 
New type java.util.Vector<domain.Apuesta>

[2021-10-20 11:54:12 #10 type.registry] 
New type java.util.Vector<domain.Pronostico>

[2021-10-20 11:54:12 #11 type] 
Type domain.Pronostico is not enhanced.

[2021-10-20 11:54:12 #12 type] 
Type domain.Apuesta is not enhanced.

[2021-10-20 11:54:12 #13 type.registry] 
New type domain.CuentaAhorro

[2021-10-20 11:54:12 #14 type.registry] 
New type domain.Cuenta

[2021-10-20 11:54:12 #15 type] 
Type domain.CuentaAhorro is not enhanced.

[2021-10-20 11:54:12 #16 type] 
Type domain.Cuenta is not enhanced.

[2021-10-20 11:54:12 #17 type.registry] 
New type java.util.Vector<domain.CuentaAhorro>

[2021-10-20 11:54:12 #18 type.registry] 
New type java.util.Vector<java.lang.Object>

------------------------------------------------------------------------------------------------------------------------

[2021-10-20 11:58:26 #1 store] 
Database 'F:\BetsCI\Bets21\src\main\resources\bets.temp' is opened by 27924@DESKTOP-IS987IB

[2021-10-20 11:58:26 #2 type.registry] 
New type domain.Event

[2021-10-20 11:58:26 #3 type] 
Type domain.Event is not enhanced.

[2021-10-20 11:58:26 #4 type.registry] 
New type domain.Question

[2021-10-20 11:58:26 #5 type.registry] 
New type java.util.Vector<domain.Question>

[2021-10-20 11:58:26 #6 type] 
Type domain.Question is not enhanced.

[2021-10-20 11:58:26 #7 type.registry] 
New type domain.Pronostico

[2021-10-20 11:58:26 #8 type.registry] 
New type domain.Apuesta

[2021-10-20 11:58:26 #9 type.registry] 
New type java.util.Vector<domain.Apuesta>

[2021-10-20 11:58:26 #10 type.registry] 
New type java.util.Vector<domain.Pronostico>

[2021-10-20 11:58:26 #11 type] 
Type domain.Pronostico is not enhanced.

[2021-10-20 11:58:26 #12 type] 
Type domain.Apuesta is not enhanced.

[2021-10-20 11:58:26 #13 type.registry] 
New type domain.CuentaAhorro

[2021-10-20 11:58:26 #14 type.registry] 
New type domain.Cuenta

[2021-10-20 11:58:26 #15 type] 
Type domain.CuentaAhorro is not enhanced.

[2021-10-20 11:58:26 #16 type] 
Type domain.Cuenta is not enhanced.

[2021-10-20 11:58:26 #17 type.registry] 
New type java.util.Vector<domain.CuentaAhorro>

[2021-10-20 11:58:26 #18 type.registry] 
New type java.util.Vector<java.lang.Object>

------------------------------------------------------------------------------------------------------------------------

[2021-10-20 12:13:39 #1 store] 
Database 'F:\BetsCI\Bets21\src\main\resources\bets.temp' is opened by 15968@DESKTOP-IS987IB

[2021-10-20 12:13:39 #2 type.registry] 
New type domain.Event

[2021-10-20 12:13:39 #3 type] 
Type domain.Event is not enhanced.

[2021-10-20 12:13:39 #4 type.registry] 
New type domain.Question

[2021-10-20 12:13:39 #5 type.registry] 
New type java.util.Vector<domain.Question>

[2021-10-20 12:13:39 #6 type] 
Type domain.Question is not enhanced.

[2021-10-20 12:13:39 #7 type.registry] 
New type domain.Pronostico

[2021-10-20 12:13:39 #8 type.registry] 
New type domain.Apuesta

[2021-10-20 12:13:39 #9 type.registry] 
New type java.util.Vector<domain.Apuesta>

[2021-10-20 12:13:39 #10 type.registry] 
New type java.util.Vector<domain.Pronostico>

[2021-10-20 12:13:39 #11 type] 
Type domain.Pronostico is not enhanced.

[2021-10-20 12:13:39 #12 type] 
Type domain.Apuesta is not enhanced.

[2021-10-20 12:13:39 #13 type.registry] 
New type domain.CuentaAhorro

[2021-10-20 12:13:39 #14 type.registry] 
New type domain.Cuenta

[2021-10-20 12:13:39 #15 type] 
Type domain.CuentaAhorro is not enhanced.

[2021-10-20 12:13:39 #16 type] 
Type domain.Cuenta is not enhanced.

[2021-10-20 12:13:39 #17 type.registry] 
New type java.util.Vector<domain.CuentaAhorro>

[2021-10-20 12:13:39 #18 type.registry] 
New type java.util.Vector<java.lang.Object>

------------------------------------------------------------------------------------------------------------------------

[2021-10-20 12:14:19 #1 store] 
Database 'F:\BetsCI\Bets21\src\main\resources\bets.temp' is opened by 27196@DESKTOP-IS987IB

[2021-10-20 12:14:19 #2 type.registry] 
New type domain.Event

[2021-10-20 12:14:19 #3 type] 
Type domain.Event is not enhanced.

[2021-10-20 12:14:19 #4 type.registry] 
New type domain.Question

[2021-10-20 12:14:19 #5 type.registry] 
New type java.util.Vector<domain.Question>

[2021-10-20 12:14:19 #6 type] 
Type domain.Question is not enhanced.

[2021-10-20 12:14:19 #7 type.registry] 
New type domain.Pronostico

[2021-10-20 12:14:19 #8 type.registry] 
New type domain.Apuesta

[2021-10-20 12:14:19 #9 type.registry] 
New type java.util.Vector<domain.Apuesta>

[2021-10-20 12:14:19 #10 type.registry] 
New type java.util.Vector<domain.Pronostico>

[2021-10-20 12:14:19 #11 type] 
Type domain.Pronostico is not enhanced.

[2021-10-20 12:14:19 #12 type] 
Type domain.Apuesta is not enhanced.

[2021-10-20 12:14:19 #13 type.registry] 
New type domain.CuentaAhorro

[2021-10-20 12:14:19 #14 type.registry] 
New type domain.Cuenta

[2021-10-20 12:14:19 #15 type] 
Type domain.CuentaAhorro is not enhanced.

[2021-10-20 12:14:19 #16 type] 
Type domain.Cuenta is not enhanced.

[2021-10-20 12:14:19 #17 type.registry] 
New type java.util.Vector<domain.CuentaAhorro>

[2021-10-20 12:14:19 #18 type.registry] 
New type java.util.Vector<java.lang.Object>

------------------------------------------------------------------------------------------------------------------------

[2021-10-20 12:14:24 #1 store] 
Database 'F:\BetsCI\Bets21\src\main\resources\bets.temp' is opened by 14196@DESKTOP-IS987IB

[2021-10-20 12:14:25 #2 type.registry] 
New type domain.Event

[2021-10-20 12:14:25 #3 type] 
Type domain.Event is not enhanced.

[2021-10-20 12:14:25 #4 type.registry] 
New type domain.Question

[2021-10-20 12:14:25 #5 type.registry] 
New type java.util.Vector<domain.Question>

[2021-10-20 12:14:25 #6 type] 
Type domain.Question is not enhanced.

[2021-10-20 12:14:25 #7 type.registry] 
New type domain.Pronostico

[2021-10-20 12:14:25 #8 type.registry] 
New type domain.Apuesta

[2021-10-20 12:14:25 #9 type.registry] 
New type java.util.Vector<domain.Apuesta>

[2021-10-20 12:14:25 #10 type.registry] 
New type java.util.Vector<domain.Pronostico>

[2021-10-20 12:14:25 #11 type] 
Type domain.Pronostico is not enhanced.

[2021-10-20 12:14:25 #12 type] 
Type domain.Apuesta is not enhanced.

[2021-10-20 12:14:25 #13 type.registry] 
New type domain.CuentaAhorro

[2021-10-20 12:14:25 #14 type.registry] 
New type domain.Cuenta

[2021-10-20 12:14:25 #15 type] 
Type domain.CuentaAhorro is not enhanced.

[2021-10-20 12:14:25 #16 type] 
Type domain.Cuenta is not enhanced.

[2021-10-20 12:14:25 #17 type.registry] 
New type java.util.Vector<domain.CuentaAhorro>

[2021-10-20 12:14:25 #18 type.registry] 
New type java.util.Vector<java.lang.Object>

------------------------------------------------------------------------------------------------------------------------

[2021-10-20 12:30:25 #1 store] 
Database 'F:\BetsCI\Bets21\src\main\resources\bets.temp' is opened by 22688@DESKTOP-IS987IB

[2021-10-20 12:30:25 #2 type.registry] 
New type domain.Event

[2021-10-20 12:30:25 #3 type] 
Type domain.Event is not enhanced.

[2021-10-20 12:30:25 #4 type.registry] 
New type domain.Question

[2021-10-20 12:30:25 #5 type.registry] 
New type java.util.Vector<domain.Question>

[2021-10-20 12:30:25 #6 type] 
Type domain.Question is not enhanced.

[2021-10-20 12:30:25 #7 type.registry] 
New type domain.Pronostico

[2021-10-20 12:30:25 #8 type.registry] 
New type domain.Apuesta

[2021-10-20 12:30:25 #9 type.registry] 
New type java.util.Vector<domain.Apuesta>

[2021-10-20 12:30:25 #10 type.registry] 
New type java.util.Vector<domain.Pronostico>

[2021-10-20 12:30:25 #11 type] 
Type domain.Pronostico is not enhanced.

[2021-10-20 12:30:25 #12 type] 
Type domain.Apuesta is not enhanced.

[2021-10-20 12:30:25 #13 type.registry] 
New type domain.CuentaAhorro

[2021-10-20 12:30:25 #14 type.registry] 
New type domain.Cuenta

[2021-10-20 12:30:25 #15 type] 
Type domain.CuentaAhorro is not enhanced.

[2021-10-20 12:30:25 #16 type] 
Type domain.Cuenta is not enhanced.

[2021-10-20 12:30:25 #17 type.registry] 
New type java.util.Vector<domain.CuentaAhorro>

[2021-10-20 12:30:25 #18 type.registry] 
New type java.util.Vector<java.lang.Object>

------------------------------------------------------------------------------------------------------------------------

[2021-10-20 12:30:44 #1 store] 
Database 'F:\BetsCI\Bets21\src\main\resources\bets.temp' is opened by 11424@DESKTOP-IS987IB

[2021-10-20 12:30:45 #2 type.registry] 
New type domain.Event

[2021-10-20 12:30:45 #3 type] 
Type domain.Event is not enhanced.

[2021-10-20 12:30:45 #4 type.registry] 
New type domain.Question

[2021-10-20 12:30:45 #5 type.registry] 
New type java.util.Vector<domain.Question>

[2021-10-20 12:30:45 #6 type] 
Type domain.Question is not enhanced.

[2021-10-20 12:30:45 #7 type.registry] 
New type domain.Pronostico

[2021-10-20 12:30:45 #8 type.registry] 
New type domain.Apuesta

[2021-10-20 12:30:45 #9 type.registry] 
New type java.util.Vector<domain.Apuesta>

[2021-10-20 12:30:45 #10 type.registry] 
New type java.util.Vector<domain.Pronostico>

[2021-10-20 12:30:45 #11 type] 
Type domain.Pronostico is not enhanced.

[2021-10-20 12:30:45 #12 type] 
Type domain.Apuesta is not enhanced.

[2021-10-20 12:30:45 #13 type.registry] 
New type domain.CuentaAhorro

[2021-10-20 12:30:45 #14 type.registry] 
New type domain.Cuenta

[2021-10-20 12:30:45 #15 type] 
Type domain.CuentaAhorro is not enhanced.

[2021-10-20 12:30:45 #16 type] 
Type domain.Cuenta is not enhanced.

[2021-10-20 12:30:45 #17 type.registry] 
New type java.util.Vector<domain.CuentaAhorro>

[2021-10-20 12:30:45 #18 type.registry] 
New type java.util.Vector<java.lang.Object>

------------------------------------------------------------------------------------------------------------------------

[2021-10-20 12:47:53 #1 store] 
Database 'F:\BetsCI\Bets21\src\main\resources\bets.temp' is opened by 9220@DESKTOP-IS987IB

[2021-10-20 12:47:53 #2 type.registry] 
New type domain.Event

[2021-10-20 12:47:53 #3 type] 
Type domain.Event is not enhanced.

[2021-10-20 12:47:53 #4 type.registry] 
New type domain.Question

[2021-10-20 12:47:53 #5 type.registry] 
New type java.util.Vector<domain.Question>

[2021-10-20 12:47:53 #6 type] 
Type domain.Question is not enhanced.

[2021-10-20 12:47:53 #7 type.registry] 
New type domain.Pronostico

[2021-10-20 12:47:53 #8 type.registry] 
New type domain.Apuesta

[2021-10-20 12:47:53 #9 type.registry] 
New type java.util.Vector<domain.Apuesta>

[2021-10-20 12:47:53 #10 type.registry] 
New type java.util.Vector<domain.Pronostico>

[2021-10-20 12:47:53 #11 type] 
Type domain.Pronostico is not enhanced.

[2021-10-20 12:47:53 #12 type] 
Type domain.Apuesta is not enhanced.

[2021-10-20 12:47:53 #13 type.registry] 
New type domain.CuentaAhorro

[2021-10-20 12:47:53 #14 type.registry] 
New type domain.Cuenta

[2021-10-20 12:47:53 #15 type] 
Type domain.CuentaAhorro is not enhanced.

[2021-10-20 12:47:53 #16 type] 
Type domain.Cuenta is not enhanced.

[2021-10-20 12:47:53 #17 type.registry] 
New type java.util.Vector<domain.CuentaAhorro>

[2021-10-20 12:47:53 #18 type.registry] 
New type java.util.Vector<java.lang.Object>

------------------------------------------------------------------------------------------------------------------------

[2021-10-20 12:48:28 #1 store] 
Database 'F:\BetsCI\Bets21\src\main\resources\bets.temp' is opened by 7828@DESKTOP-IS987IB

[2021-10-20 12:48:28 #2 type.registry] 
New type domain.Event

[2021-10-20 12:48:28 #3 type] 
Type domain.Event is not enhanced.

[2021-10-20 12:48:28 #4 type.registry] 
New type domain.Question

[2021-10-20 12:48:28 #5 type.registry] 
New type java.util.Vector<domain.Question>

[2021-10-20 12:48:28 #6 type] 
Type domain.Question is not enhanced.

[2021-10-20 12:48:28 #7 type.registry] 
New type domain.Pronostico

[2021-10-20 12:48:28 #8 type.registry] 
New type domain.Apuesta

[2021-10-20 12:48:28 #9 type.registry] 
New type java.util.Vector<domain.Apuesta>

[2021-10-20 12:48:28 #10 type.registry] 
New type java.util.Vector<domain.Pronostico>

[2021-10-20 12:48:28 #11 type] 
Type domain.Pronostico is not enhanced.

[2021-10-20 12:48:28 #12 type] 
Type domain.Apuesta is not enhanced.

[2021-10-20 12:48:28 #13 type.registry] 
New type domain.CuentaAhorro

[2021-10-20 12:48:28 #14 type.registry] 
New type domain.Cuenta

[2021-10-20 12:48:28 #15 type] 
Type domain.CuentaAhorro is not enhanced.

[2021-10-20 12:48:28 #16 type] 
Type domain.Cuenta is not enhanced.

[2021-10-20 12:48:28 #17 type.registry] 
New type java.util.Vector<domain.CuentaAhorro>

[2021-10-20 12:48:28 #18 type.registry] 
New type java.util.Vector<java.lang.Object>

------------------------------------------------------------------------------------------------------------------------

[2021-10-20 12:48:39 #1 store] 
Database 'F:\BetsCI\Bets21\src\main\resources\bets.temp' is opened by 13528@DESKTOP-IS987IB

[2021-10-20 12:48:40 #2 type.registry] 
New type domain.Cuenta

[2021-10-20 12:48:40 #3 type] 
Type domain.Cuenta is not enhanced.

[2021-10-20 12:48:40 #4 type.registry] 
New type domain.CuentaAhorro

[2021-10-20 12:48:40 #5 type.registry] 
New type java.util.Vector<domain.CuentaAhorro>

[2021-10-20 12:48:40 #6 type] 
Type domain.CuentaAhorro is not enhanced.

[2021-10-20 12:48:40 #7 type.registry] 
New type domain.Apuesta

[2021-10-20 12:48:40 #8 type.registry] 
New type java.util.Vector<domain.Apuesta>

[2021-10-20 12:48:40 #9 type] 
Type domain.Apuesta is not enhanced.

[2021-10-20 12:48:40 #10 type.registry] 
New type domain.Pronostico

[2021-10-20 12:48:40 #11 type.registry] 
New type domain.Question

[2021-10-20 12:48:40 #12 type.registry] 
New type domain.Event

[2021-10-20 12:48:40 #13 type] 
Type domain.Pronostico is not enhanced.

[2021-10-20 12:48:40 #14 type] 
Type domain.Question is not enhanced.

[2021-10-20 12:48:40 #15 type.registry] 
New type java.util.Vector<domain.Pronostico>

[2021-10-20 12:48:40 #16 type] 
Type domain.Event is not enhanced.

[2021-10-20 12:48:40 #17 type.registry] 
New type java.util.Vector<domain.Question>

[2021-10-20 12:48:40 #18 type.registry] 
New type java.util.Vector<java.lang.Object>

