------------------------------------------------------------------------------------------------------------------------

[2021-10-19 09:12:05 #1 store] 
Database 'C:\Users\telmo\Desktop\Proyecto2\Bets21\src\main\resources\bets.temp' is opened by 8600@DESKTOP-7ADQIQM

[2021-10-19 09:12:05 #2 type.registry] 
New type domain.Cuenta

[2021-10-19 09:12:05 #3 type] 
Type domain.Cuenta is not enhanced.

[2021-10-19 09:12:05 #4 type.registry] 
New type domain.CuentaAhorro

[2021-10-19 09:12:05 #5 type.registry] 
New type java.util.Vector<domain.CuentaAhorro>

[2021-10-19 09:12:05 #6 type] 
Type domain.CuentaAhorro is not enhanced.

[2021-10-19 09:12:05 #7 type.registry] 
New type domain.Apuesta

[2021-10-19 09:12:05 #8 type.registry] 
New type java.util.Vector<domain.Apuesta>

[2021-10-19 09:12:05 #9 type] 
Type domain.Apuesta is not enhanced.

[2021-10-19 09:12:05 #10 type.registry] 
New type domain.Pronostico

[2021-10-19 09:12:05 #11 type.registry] 
New type domain.Question

[2021-10-19 09:12:05 #12 type.registry] 
New type domain.Event

[2021-10-19 09:12:05 #13 type] 
Type domain.Pronostico is not enhanced.

[2021-10-19 09:12:05 #14 type] 
Type domain.Question is not enhanced.

[2021-10-19 09:12:05 #15 type.registry] 
New type java.util.Vector<domain.Pronostico>

[2021-10-19 09:12:05 #16 type] 
Type domain.Event is not enhanced.

[2021-10-19 09:12:05 #17 type.registry] 
New type java.util.Vector<domain.Question>

[2021-10-19 09:12:05 #18 type.registry] 
New type java.util.Vector<java.lang.Object>

