------------------------------------------------------------------------------------------------------------------------

[2021-10-19 09:12:05 #1 store] 
Database 'C:\Users\telmo\Desktop\Proyecto2\Bets21\src\main\resources\bets.temp' is opened by 8600@DESKTOP-7ADQIQM

[2021-10-19 09:12:05 #2 type.registry] 
New type domain.Cuenta

[2021-10-19 09:12:05 #3 type] 
Type domain.Cuenta is not enhanced.

[2021-10-19 09:12:05 #4 type.registry] 
New type domain.CuentaAhorro

[2021-10-19 09:12:05 #5 type.registry] 
New type java.util.Vector<domain.CuentaAhorro>

[2021-10-19 09:12:05 #6 type] 
Type domain.CuentaAhorro is not enhanced.

[2021-10-19 09:12:05 #7 type.registry] 
New type domain.Apuesta

[2021-10-19 09:12:05 #8 type.registry] 
New type java.util.Vector<domain.Apuesta>

[2021-10-19 09:12:05 #9 type] 
Type domain.Apuesta is not enhanced.

[2021-10-19 09:12:05 #10 type.registry] 
New type domain.Pronostico

[2021-10-19 09:12:05 #11 type.registry] 
New type domain.Question

[2021-10-19 09:12:05 #12 type.registry] 
New type domain.Event

[2021-10-19 09:12:05 #13 type] 
Type domain.Pronostico is not enhanced.

[2021-10-19 09:12:05 #14 type] 
Type domain.Question is not enhanced.

[2021-10-19 09:12:05 #15 type.registry] 
New type java.util.Vector<domain.Pronostico>

[2021-10-19 09:12:05 #16 type] 
Type domain.Event is not enhanced.

[2021-10-19 09:12:05 #17 type.registry] 
New type java.util.Vector<domain.Question>

[2021-10-19 09:12:05 #18 type.registry] 
New type java.util.Vector<java.lang.Object>

------------------------------------------------------------------------------------------------------------------------

[2021-10-19 09:25:51 #1 store] 
Database 'C:\Users\telmo\Desktop\Proyecto2\Bets21\src\main\resources\bets.temp' is opened by 14452@DESKTOP-7ADQIQM

[2021-10-19 09:25:51 #2 type.registry] 
New type domain.Cuenta

[2021-10-19 09:25:51 #3 type] 
Type domain.Cuenta is not enhanced.

[2021-10-19 09:25:51 #4 type.registry] 
New type domain.CuentaAhorro

[2021-10-19 09:25:51 #5 type.registry] 
New type java.util.Vector<domain.CuentaAhorro>

[2021-10-19 09:25:51 #6 type] 
Type domain.CuentaAhorro is not enhanced.

[2021-10-19 09:25:51 #7 type.registry] 
New type domain.Apuesta

[2021-10-19 09:25:51 #8 type.registry] 
New type java.util.Vector<domain.Apuesta>

[2021-10-19 09:25:51 #9 type] 
Type domain.Apuesta is not enhanced.

[2021-10-19 09:25:51 #10 type.registry] 
New type domain.Pronostico

[2021-10-19 09:25:51 #11 type.registry] 
New type domain.Question

[2021-10-19 09:25:51 #12 type.registry] 
New type domain.Event

[2021-10-19 09:25:51 #13 type] 
Type domain.Pronostico is not enhanced.

[2021-10-19 09:25:51 #14 type] 
Type domain.Question is not enhanced.

[2021-10-19 09:25:51 #15 type.registry] 
New type java.util.Vector<domain.Pronostico>

[2021-10-19 09:25:51 #16 type] 
Type domain.Event is not enhanced.

[2021-10-19 09:25:51 #17 type.registry] 
New type java.util.Vector<domain.Question>

[2021-10-19 09:25:51 #18 type.registry] 
New type java.util.Vector<java.lang.Object>

------------------------------------------------------------------------------------------------------------------------

[2021-10-19 09:26:00 #1 store] 
Database 'C:\Users\telmo\Desktop\Proyecto2\Bets21\src\main\resources\bets.temp' is opened by 16872@DESKTOP-7ADQIQM

[2021-10-19 09:26:02 #2 type.registry] 
New type domain.Cuenta

[2021-10-19 09:26:02 #3 type] 
Type domain.Cuenta is not enhanced.

[2021-10-19 09:26:02 #4 type.registry] 
New type domain.CuentaAhorro

[2021-10-19 09:26:02 #5 type.registry] 
New type java.util.Vector<domain.CuentaAhorro>

[2021-10-19 09:26:02 #6 type] 
Type domain.CuentaAhorro is not enhanced.

[2021-10-19 09:26:02 #7 type.registry] 
New type domain.Apuesta

[2021-10-19 09:26:02 #8 type.registry] 
New type java.util.Vector<domain.Apuesta>

[2021-10-19 09:26:02 #9 type] 
Type domain.Apuesta is not enhanced.

[2021-10-19 09:26:02 #10 type.registry] 
New type domain.Pronostico

[2021-10-19 09:26:02 #11 type.registry] 
New type domain.Question

[2021-10-19 09:26:02 #12 type.registry] 
New type domain.Event

[2021-10-19 09:26:02 #13 type] 
Type domain.Pronostico is not enhanced.

[2021-10-19 09:26:02 #14 type] 
Type domain.Question is not enhanced.

[2021-10-19 09:26:02 #15 type.registry] 
New type java.util.Vector<domain.Pronostico>

[2021-10-19 09:26:02 #16 type] 
Type domain.Event is not enhanced.

[2021-10-19 09:26:02 #17 type.registry] 
New type java.util.Vector<domain.Question>

[2021-10-19 09:26:02 #18 type.registry] 
New type java.util.Vector<java.lang.Object>

------------------------------------------------------------------------------------------------------------------------

[2021-10-19 09:27:54 #1 store] 
Database 'C:\Users\telmo\Desktop\Proyecto2\Bets21\src\main\resources\bets.temp' is opened by 21488@DESKTOP-7ADQIQM

[2021-10-19 09:27:54 #2 type.registry] 
New type domain.Cuenta

[2021-10-19 09:27:54 #3 type] 
Type domain.Cuenta is not enhanced.

[2021-10-19 09:27:54 #4 type.registry] 
New type domain.CuentaAhorro

[2021-10-19 09:27:54 #5 type.registry] 
New type java.util.Vector<domain.CuentaAhorro>

[2021-10-19 09:27:54 #6 type] 
Type domain.CuentaAhorro is not enhanced.

[2021-10-19 09:27:54 #7 type.registry] 
New type domain.Apuesta

[2021-10-19 09:27:54 #8 type.registry] 
New type java.util.Vector<domain.Apuesta>

[2021-10-19 09:27:54 #9 type] 
Type domain.Apuesta is not enhanced.

[2021-10-19 09:27:54 #10 type.registry] 
New type domain.Pronostico

[2021-10-19 09:27:54 #11 type.registry] 
New type domain.Question

[2021-10-19 09:27:54 #12 type.registry] 
New type domain.Event

[2021-10-19 09:27:54 #13 type] 
Type domain.Pronostico is not enhanced.

[2021-10-19 09:27:55 #14 type] 
Type domain.Question is not enhanced.

[2021-10-19 09:27:55 #15 type.registry] 
New type java.util.Vector<domain.Pronostico>

[2021-10-19 09:27:55 #16 type] 
Type domain.Event is not enhanced.

[2021-10-19 09:27:55 #17 type.registry] 
New type java.util.Vector<domain.Question>

[2021-10-19 09:27:55 #18 type.registry] 
New type java.util.Vector<java.lang.Object>

------------------------------------------------------------------------------------------------------------------------

[2021-10-19 09:29:50 #1 store] 
Database 'C:\Users\telmo\Desktop\Proyecto2\Bets21\src\main\resources\bets.temp' is opened by 7672@DESKTOP-7ADQIQM

[2021-10-19 09:29:50 #2 type.registry] 
New type domain.Cuenta

[2021-10-19 09:29:50 #3 type] 
Type domain.Cuenta is not enhanced.

[2021-10-19 09:29:50 #4 type.registry] 
New type domain.CuentaAhorro

[2021-10-19 09:29:50 #5 type.registry] 
New type java.util.Vector<domain.CuentaAhorro>

[2021-10-19 09:29:50 #6 type] 
Type domain.CuentaAhorro is not enhanced.

[2021-10-19 09:29:50 #7 type.registry] 
New type domain.Apuesta

[2021-10-19 09:29:50 #8 type.registry] 
New type java.util.Vector<domain.Apuesta>

[2021-10-19 09:29:50 #9 type] 
Type domain.Apuesta is not enhanced.

[2021-10-19 09:29:50 #10 type.registry] 
New type domain.Pronostico

[2021-10-19 09:29:50 #11 type.registry] 
New type domain.Question

[2021-10-19 09:29:50 #12 type.registry] 
New type domain.Event

[2021-10-19 09:29:50 #13 type] 
Type domain.Pronostico is not enhanced.

[2021-10-19 09:29:50 #14 type] 
Type domain.Question is not enhanced.

[2021-10-19 09:29:50 #15 type.registry] 
New type java.util.Vector<domain.Pronostico>

[2021-10-19 09:29:50 #16 type] 
Type domain.Event is not enhanced.

[2021-10-19 09:29:50 #17 type.registry] 
New type java.util.Vector<domain.Question>

[2021-10-19 09:29:50 #18 type.registry] 
New type java.util.Vector<java.lang.Object>

------------------------------------------------------------------------------------------------------------------------

[2021-10-19 09:30:11 #1 store] 
Database 'C:\Users\telmo\Desktop\Proyecto2\Bets21\src\main\resources\bets.temp' is opened by 5076@DESKTOP-7ADQIQM

[2021-10-19 09:30:11 #2 type.registry] 
New type domain.Cuenta

[2021-10-19 09:30:11 #3 type] 
Type domain.Cuenta is not enhanced.

[2021-10-19 09:30:11 #4 type.registry] 
New type domain.CuentaAhorro

[2021-10-19 09:30:11 #5 type.registry] 
New type java.util.Vector<domain.CuentaAhorro>

[2021-10-19 09:30:11 #6 type] 
Type domain.CuentaAhorro is not enhanced.

[2021-10-19 09:30:11 #7 type.registry] 
New type domain.Apuesta

[2021-10-19 09:30:11 #8 type.registry] 
New type java.util.Vector<domain.Apuesta>

[2021-10-19 09:30:11 #9 type] 
Type domain.Apuesta is not enhanced.

[2021-10-19 09:30:11 #10 type.registry] 
New type domain.Pronostico

[2021-10-19 09:30:11 #11 type.registry] 
New type domain.Question

[2021-10-19 09:30:11 #12 type.registry] 
New type domain.Event

[2021-10-19 09:30:11 #13 type] 
Type domain.Pronostico is not enhanced.

[2021-10-19 09:30:11 #14 type] 
Type domain.Question is not enhanced.

[2021-10-19 09:30:11 #15 type.registry] 
New type java.util.Vector<domain.Pronostico>

[2021-10-19 09:30:11 #16 type] 
Type domain.Event is not enhanced.

[2021-10-19 09:30:11 #17 type.registry] 
New type java.util.Vector<domain.Question>

[2021-10-19 09:30:11 #18 type.registry] 
New type java.util.Vector<java.lang.Object>

------------------------------------------------------------------------------------------------------------------------

[2021-10-19 09:30:28 #1 store] 
Database 'C:\Users\telmo\Desktop\Proyecto2\Bets21\src\main\resources\bets.temp' is opened by 16424@DESKTOP-7ADQIQM

[2021-10-19 09:30:28 #2 type.registry] 
New type domain.Cuenta

[2021-10-19 09:30:28 #3 type] 
Type domain.Cuenta is not enhanced.

[2021-10-19 09:30:28 #4 type.registry] 
New type domain.CuentaAhorro

[2021-10-19 09:30:28 #5 type.registry] 
New type java.util.Vector<domain.CuentaAhorro>

[2021-10-19 09:30:28 #6 type] 
Type domain.CuentaAhorro is not enhanced.

[2021-10-19 09:30:28 #7 type.registry] 
New type domain.Apuesta

[2021-10-19 09:30:28 #8 type.registry] 
New type java.util.Vector<domain.Apuesta>

[2021-10-19 09:30:28 #9 type] 
Type domain.Apuesta is not enhanced.

[2021-10-19 09:30:28 #10 type.registry] 
New type domain.Pronostico

[2021-10-19 09:30:28 #11 type.registry] 
New type domain.Question

[2021-10-19 09:30:28 #12 type.registry] 
New type domain.Event

[2021-10-19 09:30:28 #13 type] 
Type domain.Pronostico is not enhanced.

[2021-10-19 09:30:28 #14 type] 
Type domain.Question is not enhanced.

[2021-10-19 09:30:28 #15 type.registry] 
New type java.util.Vector<domain.Pronostico>

[2021-10-19 09:30:28 #16 type] 
Type domain.Event is not enhanced.

[2021-10-19 09:30:28 #17 type.registry] 
New type java.util.Vector<domain.Question>

[2021-10-19 09:30:28 #18 type.registry] 
New type java.util.Vector<java.lang.Object>

------------------------------------------------------------------------------------------------------------------------

[2021-10-19 09:30:50 #1 store] 
Database 'C:\Users\telmo\Desktop\Proyecto2\Bets21\src\main\resources\bets.temp' is opened by 9572@DESKTOP-7ADQIQM

[2021-10-19 09:30:51 #2 type.registry] 
New type domain.Cuenta

[2021-10-19 09:30:51 #3 type] 
Type domain.Cuenta is not enhanced.

[2021-10-19 09:30:51 #4 type.registry] 
New type domain.CuentaAhorro

[2021-10-19 09:30:51 #5 type.registry] 
New type java.util.Vector<domain.CuentaAhorro>

[2021-10-19 09:30:51 #6 type] 
Type domain.CuentaAhorro is not enhanced.

[2021-10-19 09:30:51 #7 type.registry] 
New type domain.Apuesta

[2021-10-19 09:30:51 #8 type.registry] 
New type java.util.Vector<domain.Apuesta>

[2021-10-19 09:30:51 #9 type] 
Type domain.Apuesta is not enhanced.

[2021-10-19 09:30:51 #10 type.registry] 
New type domain.Pronostico

[2021-10-19 09:30:51 #11 type.registry] 
New type domain.Question

[2021-10-19 09:30:51 #12 type.registry] 
New type domain.Event

[2021-10-19 09:30:51 #13 type] 
Type domain.Pronostico is not enhanced.

[2021-10-19 09:30:51 #14 type] 
Type domain.Question is not enhanced.

[2021-10-19 09:30:51 #15 type.registry] 
New type java.util.Vector<domain.Pronostico>

[2021-10-19 09:30:51 #16 type] 
Type domain.Event is not enhanced.

[2021-10-19 09:30:51 #17 type.registry] 
New type java.util.Vector<domain.Question>

[2021-10-19 09:30:51 #18 type.registry] 
New type java.util.Vector<java.lang.Object>

------------------------------------------------------------------------------------------------------------------------

[2021-10-19 09:31:00 #1 store] 
Database 'C:\Users\telmo\Desktop\Proyecto2\Bets21\src\main\resources\bets.temp' is opened by 19400@DESKTOP-7ADQIQM

[2021-10-19 09:31:00 #2 type.registry] 
New type domain.Cuenta

[2021-10-19 09:31:00 #3 type] 
Type domain.Cuenta is not enhanced.

[2021-10-19 09:31:00 #4 type.registry] 
New type domain.CuentaAhorro

[2021-10-19 09:31:00 #5 type.registry] 
New type java.util.Vector<domain.CuentaAhorro>

[2021-10-19 09:31:00 #6 type] 
Type domain.CuentaAhorro is not enhanced.

[2021-10-19 09:31:00 #7 type.registry] 
New type domain.Apuesta

[2021-10-19 09:31:00 #8 type.registry] 
New type java.util.Vector<domain.Apuesta>

[2021-10-19 09:31:00 #9 type] 
Type domain.Apuesta is not enhanced.

[2021-10-19 09:31:00 #10 type.registry] 
New type domain.Pronostico

[2021-10-19 09:31:00 #11 type.registry] 
New type domain.Question

[2021-10-19 09:31:00 #12 type.registry] 
New type domain.Event

[2021-10-19 09:31:00 #13 type] 
Type domain.Pronostico is not enhanced.

[2021-10-19 09:31:00 #14 type] 
Type domain.Question is not enhanced.

[2021-10-19 09:31:00 #15 type.registry] 
New type java.util.Vector<domain.Pronostico>

[2021-10-19 09:31:00 #16 type] 
Type domain.Event is not enhanced.

[2021-10-19 09:31:00 #17 type.registry] 
New type java.util.Vector<domain.Question>

[2021-10-19 09:31:00 #18 type.registry] 
New type java.util.Vector<java.lang.Object>

------------------------------------------------------------------------------------------------------------------------

[2021-10-19 09:31:43 #1 store] 
Database 'C:\Users\telmo\Desktop\Proyecto2\Bets21\src\main\resources\bets.temp' is opened by 6368@DESKTOP-7ADQIQM

------------------------------------------------------------------------------------------------------------------------

[2021-10-19 09:31:46 #1 store] 
Database 'C:\Users\telmo\Desktop\Proyecto2\Bets21\src\main\resources\bets.temp' is opened by 10292@DESKTOP-7ADQIQM

------------------------------------------------------------------------------------------------------------------------

[2021-10-19 09:32:04 #1 store] 
Database 'C:\Users\telmo\Desktop\Proyecto2\Bets21\src\main\resources\bets.temp' is opened by 6000@DESKTOP-7ADQIQM

------------------------------------------------------------------------------------------------------------------------

[2021-10-19 09:32:14 #1 store] 
Database 'C:\Users\telmo\Desktop\Proyecto2\Bets21\src\main\resources\bets.temp' is opened by 17072@DESKTOP-7ADQIQM

------------------------------------------------------------------------------------------------------------------------

[2021-10-19 09:33:19 #1 store] 
Database 'C:\Users\telmo\Desktop\Proyecto2\Bets21\src\main\resources\bets.temp' is opened by 1436@DESKTOP-7ADQIQM

[2021-10-19 09:33:19 #2 type.registry] 
New type domain.Cuenta

[2021-10-19 09:33:19 #3 type] 
Type domain.Cuenta is not enhanced.

[2021-10-19 09:33:19 #4 type.registry] 
New type domain.CuentaAhorro

[2021-10-19 09:33:19 #5 type.registry] 
New type java.util.Vector<domain.CuentaAhorro>

[2021-10-19 09:33:19 #6 type] 
Type domain.CuentaAhorro is not enhanced.

[2021-10-19 09:33:19 #7 type.registry] 
New type domain.Apuesta

[2021-10-19 09:33:19 #8 type.registry] 
New type java.util.Vector<domain.Apuesta>

[2021-10-19 09:33:19 #9 type] 
Type domain.Apuesta is not enhanced.

[2021-10-19 09:33:19 #10 type.registry] 
New type domain.Pronostico

[2021-10-19 09:33:19 #11 type.registry] 
New type domain.Question

[2021-10-19 09:33:19 #12 type.registry] 
New type domain.Event

[2021-10-19 09:33:19 #13 type] 
Type domain.Pronostico is not enhanced.

[2021-10-19 09:33:19 #14 type] 
Type domain.Question is not enhanced.

[2021-10-19 09:33:19 #15 type.registry] 
New type java.util.Vector<domain.Pronostico>

[2021-10-19 09:33:19 #16 type] 
Type domain.Event is not enhanced.

[2021-10-19 09:33:19 #17 type.registry] 
New type java.util.Vector<domain.Question>

[2021-10-19 09:33:20 #18 type.registry] 
New type java.util.Vector<java.lang.Object>

------------------------------------------------------------------------------------------------------------------------

[2021-10-19 09:33:36 #1 store] 
Database 'C:\Users\telmo\Desktop\Proyecto2\Bets21\src\main\resources\bets.temp' is opened by 1556@DESKTOP-7ADQIQM

[2021-10-19 09:33:37 #2 type.registry] 
New type domain.Cuenta

[2021-10-19 09:33:37 #3 type] 
Type domain.Cuenta is not enhanced.

[2021-10-19 09:33:37 #4 type.registry] 
New type domain.CuentaAhorro

[2021-10-19 09:33:37 #5 type.registry] 
New type java.util.Vector<domain.CuentaAhorro>

[2021-10-19 09:33:37 #6 type] 
Type domain.CuentaAhorro is not enhanced.

[2021-10-19 09:33:37 #7 type.registry] 
New type domain.Apuesta

[2021-10-19 09:33:37 #8 type.registry] 
New type java.util.Vector<domain.Apuesta>

[2021-10-19 09:33:37 #9 type] 
Type domain.Apuesta is not enhanced.

[2021-10-19 09:33:37 #10 type.registry] 
New type domain.Pronostico

[2021-10-19 09:33:37 #11 type.registry] 
New type domain.Question

[2021-10-19 09:33:37 #12 type.registry] 
New type domain.Event

[2021-10-19 09:33:37 #13 type] 
Type domain.Pronostico is not enhanced.

[2021-10-19 09:33:37 #14 type] 
Type domain.Question is not enhanced.

[2021-10-19 09:33:37 #15 type.registry] 
New type java.util.Vector<domain.Pronostico>

[2021-10-19 09:33:37 #16 type] 
Type domain.Event is not enhanced.

[2021-10-19 09:33:37 #17 type.registry] 
New type java.util.Vector<domain.Question>

[2021-10-19 09:33:37 #18 type.registry] 
New type java.util.Vector<java.lang.Object>

------------------------------------------------------------------------------------------------------------------------

[2021-10-19 09:33:52 #1 store] 
Database 'C:\Users\telmo\Desktop\Proyecto2\Bets21\src\main\resources\bets.temp' is opened by 17744@DESKTOP-7ADQIQM

[2021-10-19 09:33:53 #2 type.registry] 
New type domain.Cuenta

[2021-10-19 09:33:53 #3 type] 
Type domain.Cuenta is not enhanced.

[2021-10-19 09:33:53 #4 type.registry] 
New type domain.CuentaAhorro

[2021-10-19 09:33:53 #5 type.registry] 
New type java.util.Vector<domain.CuentaAhorro>

[2021-10-19 09:33:53 #6 type] 
Type domain.CuentaAhorro is not enhanced.

[2021-10-19 09:33:53 #7 type.registry] 
New type domain.Apuesta

[2021-10-19 09:33:53 #8 type.registry] 
New type java.util.Vector<domain.Apuesta>

[2021-10-19 09:33:53 #9 type] 
Type domain.Apuesta is not enhanced.

[2021-10-19 09:33:53 #10 type.registry] 
New type domain.Pronostico

[2021-10-19 09:33:53 #11 type.registry] 
New type domain.Question

[2021-10-19 09:33:53 #12 type.registry] 
New type domain.Event

[2021-10-19 09:33:53 #13 type] 
Type domain.Pronostico is not enhanced.

[2021-10-19 09:33:53 #14 type] 
Type domain.Question is not enhanced.

[2021-10-19 09:33:53 #15 type.registry] 
New type java.util.Vector<domain.Pronostico>

[2021-10-19 09:33:53 #16 type] 
Type domain.Event is not enhanced.

[2021-10-19 09:33:53 #17 type.registry] 
New type java.util.Vector<domain.Question>

[2021-10-19 09:33:53 #18 type.registry] 
New type java.util.Vector<java.lang.Object>

------------------------------------------------------------------------------------------------------------------------

[2021-10-19 09:34:07 #1 store] 
Database 'C:\Users\telmo\Desktop\Proyecto2\Bets21\src\main\resources\bets.temp' is opened by 14404@DESKTOP-7ADQIQM

[2021-10-19 09:34:08 #2 type.registry] 
New type domain.Cuenta

[2021-10-19 09:34:08 #3 type] 
Type domain.Cuenta is not enhanced.

[2021-10-19 09:34:08 #4 type.registry] 
New type domain.CuentaAhorro

[2021-10-19 09:34:08 #5 type.registry] 
New type java.util.Vector<domain.CuentaAhorro>

[2021-10-19 09:34:08 #6 type] 
Type domain.CuentaAhorro is not enhanced.

[2021-10-19 09:34:08 #7 type.registry] 
New type domain.Apuesta

[2021-10-19 09:34:08 #8 type.registry] 
New type java.util.Vector<domain.Apuesta>

[2021-10-19 09:34:08 #9 type] 
Type domain.Apuesta is not enhanced.

[2021-10-19 09:34:08 #10 type.registry] 
New type domain.Pronostico

[2021-10-19 09:34:08 #11 type.registry] 
New type domain.Question

[2021-10-19 09:34:08 #12 type.registry] 
New type domain.Event

[2021-10-19 09:34:08 #13 type] 
Type domain.Pronostico is not enhanced.

[2021-10-19 09:34:08 #14 type] 
Type domain.Question is not enhanced.

[2021-10-19 09:34:08 #15 type.registry] 
New type java.util.Vector<domain.Pronostico>

[2021-10-19 09:34:08 #16 type] 
Type domain.Event is not enhanced.

[2021-10-19 09:34:08 #17 type.registry] 
New type java.util.Vector<domain.Question>

[2021-10-19 09:34:08 #18 type.registry] 
New type java.util.Vector<java.lang.Object>

------------------------------------------------------------------------------------------------------------------------

[2021-10-19 09:34:22 #1 store] 
Database 'C:\Users\telmo\Desktop\Proyecto2\Bets21\src\main\resources\bets.temp' is opened by 7932@DESKTOP-7ADQIQM

[2021-10-19 09:34:23 #2 type.registry] 
New type domain.Cuenta

[2021-10-19 09:34:23 #3 type] 
Type domain.Cuenta is not enhanced.

[2021-10-19 09:34:23 #4 type.registry] 
New type domain.CuentaAhorro

[2021-10-19 09:34:23 #5 type.registry] 
New type java.util.Vector<domain.CuentaAhorro>

[2021-10-19 09:34:23 #6 type] 
Type domain.CuentaAhorro is not enhanced.

[2021-10-19 09:34:23 #7 type.registry] 
New type domain.Apuesta

[2021-10-19 09:34:23 #8 type.registry] 
New type java.util.Vector<domain.Apuesta>

[2021-10-19 09:34:23 #9 type] 
Type domain.Apuesta is not enhanced.

[2021-10-19 09:34:23 #10 type.registry] 
New type domain.Pronostico

[2021-10-19 09:34:23 #11 type.registry] 
New type domain.Question

[2021-10-19 09:34:23 #12 type.registry] 
New type domain.Event

[2021-10-19 09:34:23 #13 type] 
Type domain.Pronostico is not enhanced.

[2021-10-19 09:34:23 #14 type] 
Type domain.Question is not enhanced.

[2021-10-19 09:34:23 #15 type.registry] 
New type java.util.Vector<domain.Pronostico>

[2021-10-19 09:34:23 #16 type] 
Type domain.Event is not enhanced.

[2021-10-19 09:34:23 #17 type.registry] 
New type java.util.Vector<domain.Question>

[2021-10-19 09:34:23 #18 type.registry] 
New type java.util.Vector<java.lang.Object>

------------------------------------------------------------------------------------------------------------------------

[2021-10-19 09:34:42 #1 store] 
Database 'C:\Users\telmo\Desktop\Proyecto2\Bets21\src\main\resources\bets.temp' is opened by 8@DESKTOP-7ADQIQM

[2021-10-19 09:34:42 #2 type.registry] 
New type domain.Cuenta

[2021-10-19 09:34:42 #3 type] 
Type domain.Cuenta is not enhanced.

[2021-10-19 09:34:42 #4 type.registry] 
New type domain.CuentaAhorro

[2021-10-19 09:34:42 #5 type.registry] 
New type java.util.Vector<domain.CuentaAhorro>

[2021-10-19 09:34:42 #6 type] 
Type domain.CuentaAhorro is not enhanced.

[2021-10-19 09:34:42 #7 type.registry] 
New type domain.Apuesta

[2021-10-19 09:34:42 #8 type.registry] 
New type java.util.Vector<domain.Apuesta>

[2021-10-19 09:34:42 #9 type] 
Type domain.Apuesta is not enhanced.

[2021-10-19 09:34:42 #10 type.registry] 
New type domain.Pronostico

[2021-10-19 09:34:42 #11 type.registry] 
New type domain.Question

[2021-10-19 09:34:42 #12 type.registry] 
New type domain.Event

[2021-10-19 09:34:42 #13 type] 
Type domain.Pronostico is not enhanced.

[2021-10-19 09:34:42 #14 type] 
Type domain.Question is not enhanced.

[2021-10-19 09:34:42 #15 type.registry] 
New type java.util.Vector<domain.Pronostico>

[2021-10-19 09:34:42 #16 type] 
Type domain.Event is not enhanced.

[2021-10-19 09:34:42 #17 type.registry] 
New type java.util.Vector<domain.Question>

[2021-10-19 09:34:42 #18 type.registry] 
New type java.util.Vector<java.lang.Object>

------------------------------------------------------------------------------------------------------------------------

[2021-10-19 09:34:57 #1 store] 
Database 'C:\Users\telmo\Desktop\Proyecto2\Bets21\src\main\resources\bets.temp' is opened by 16748@DESKTOP-7ADQIQM

[2021-10-19 09:34:58 #2 type.registry] 
New type domain.Cuenta

[2021-10-19 09:34:58 #3 type] 
Type domain.Cuenta is not enhanced.

[2021-10-19 09:34:58 #4 type.registry] 
New type domain.CuentaAhorro

[2021-10-19 09:34:58 #5 type.registry] 
New type java.util.Vector<domain.CuentaAhorro>

[2021-10-19 09:34:58 #6 type] 
Type domain.CuentaAhorro is not enhanced.

[2021-10-19 09:34:58 #7 type.registry] 
New type domain.Apuesta

[2021-10-19 09:34:58 #8 type.registry] 
New type java.util.Vector<domain.Apuesta>

[2021-10-19 09:34:58 #9 type] 
Type domain.Apuesta is not enhanced.

[2021-10-19 09:34:58 #10 type.registry] 
New type domain.Pronostico

[2021-10-19 09:34:58 #11 type.registry] 
New type domain.Question

[2021-10-19 09:34:58 #12 type.registry] 
New type domain.Event

[2021-10-19 09:34:58 #13 type] 
Type domain.Pronostico is not enhanced.

[2021-10-19 09:34:58 #14 type] 
Type domain.Question is not enhanced.

[2021-10-19 09:34:58 #15 type.registry] 
New type java.util.Vector<domain.Pronostico>

[2021-10-19 09:34:58 #16 type] 
Type domain.Event is not enhanced.

[2021-10-19 09:34:58 #17 type.registry] 
New type java.util.Vector<domain.Question>

[2021-10-19 09:34:58 #18 type.registry] 
New type java.util.Vector<java.lang.Object>

------------------------------------------------------------------------------------------------------------------------

[2021-10-19 09:35:15 #1 store] 
Database 'C:\Users\telmo\Desktop\Proyecto2\Bets21\src\main\resources\bets.temp' is opened by 20892@DESKTOP-7ADQIQM

[2021-10-19 09:35:15 #2 type.registry] 
New type domain.Cuenta

[2021-10-19 09:35:15 #3 type] 
Type domain.Cuenta is not enhanced.

[2021-10-19 09:35:15 #4 type.registry] 
New type domain.CuentaAhorro

[2021-10-19 09:35:15 #5 type.registry] 
New type java.util.Vector<domain.CuentaAhorro>

[2021-10-19 09:35:15 #6 type] 
Type domain.CuentaAhorro is not enhanced.

[2021-10-19 09:35:15 #7 type.registry] 
New type domain.Apuesta

[2021-10-19 09:35:15 #8 type.registry] 
New type java.util.Vector<domain.Apuesta>

[2021-10-19 09:35:15 #9 type] 
Type domain.Apuesta is not enhanced.

[2021-10-19 09:35:15 #10 type.registry] 
New type domain.Pronostico

[2021-10-19 09:35:15 #11 type.registry] 
New type domain.Question

[2021-10-19 09:35:15 #12 type.registry] 
New type domain.Event

[2021-10-19 09:35:15 #13 type] 
Type domain.Pronostico is not enhanced.

[2021-10-19 09:35:15 #14 type] 
Type domain.Question is not enhanced.

[2021-10-19 09:35:15 #15 type.registry] 
New type java.util.Vector<domain.Pronostico>

[2021-10-19 09:35:15 #16 type] 
Type domain.Event is not enhanced.

[2021-10-19 09:35:15 #17 type.registry] 
New type java.util.Vector<domain.Question>

[2021-10-19 09:35:15 #18 type.registry] 
New type java.util.Vector<java.lang.Object>

------------------------------------------------------------------------------------------------------------------------

[2021-10-19 09:35:33 #1 store] 
Database 'C:\Users\telmo\Desktop\Proyecto2\Bets21\src\main\resources\bets.temp' is opened by 13580@DESKTOP-7ADQIQM

[2021-10-19 09:35:33 #2 type.registry] 
New type domain.Cuenta

[2021-10-19 09:35:33 #3 type] 
Type domain.Cuenta is not enhanced.

[2021-10-19 09:35:33 #4 type.registry] 
New type domain.CuentaAhorro

[2021-10-19 09:35:33 #5 type.registry] 
New type java.util.Vector<domain.CuentaAhorro>

[2021-10-19 09:35:33 #6 type] 
Type domain.CuentaAhorro is not enhanced.

[2021-10-19 09:35:33 #7 type.registry] 
New type domain.Apuesta

[2021-10-19 09:35:33 #8 type.registry] 
New type java.util.Vector<domain.Apuesta>

[2021-10-19 09:35:33 #9 type] 
Type domain.Apuesta is not enhanced.

[2021-10-19 09:35:33 #10 type.registry] 
New type domain.Pronostico

[2021-10-19 09:35:33 #11 type.registry] 
New type domain.Question

[2021-10-19 09:35:33 #12 type.registry] 
New type domain.Event

[2021-10-19 09:35:33 #13 type] 
Type domain.Pronostico is not enhanced.

[2021-10-19 09:35:33 #14 type] 
Type domain.Question is not enhanced.

[2021-10-19 09:35:33 #15 type.registry] 
New type java.util.Vector<domain.Pronostico>

[2021-10-19 09:35:33 #16 type] 
Type domain.Event is not enhanced.

[2021-10-19 09:35:33 #17 type.registry] 
New type java.util.Vector<domain.Question>

[2021-10-19 09:35:33 #18 type.registry] 
New type java.util.Vector<java.lang.Object>

------------------------------------------------------------------------------------------------------------------------

[2021-10-19 09:47:26 #1 store] 
Database 'C:\Users\telmo\Desktop\Proyecto2\Bets21\src\main\resources\bets.temp' is opened by 21152@DESKTOP-7ADQIQM

[2021-10-19 09:47:27 #2 type.registry] 
New type domain.Cuenta

[2021-10-19 09:47:27 #3 type] 
Type domain.Cuenta is not enhanced.

[2021-10-19 09:47:27 #4 type.registry] 
New type domain.CuentaAhorro

[2021-10-19 09:47:27 #5 type.registry] 
New type java.util.Vector<domain.CuentaAhorro>

[2021-10-19 09:47:27 #6 type] 
Type domain.CuentaAhorro is not enhanced.

[2021-10-19 09:47:27 #7 type.registry] 
New type domain.Apuesta

[2021-10-19 09:47:27 #8 type.registry] 
New type java.util.Vector<domain.Apuesta>

[2021-10-19 09:47:27 #9 type] 
Type domain.Apuesta is not enhanced.

[2021-10-19 09:47:27 #10 type.registry] 
New type domain.Pronostico

[2021-10-19 09:47:27 #11 type.registry] 
New type domain.Question

[2021-10-19 09:47:27 #12 type.registry] 
New type domain.Event

[2021-10-19 09:47:27 #13 type] 
Type domain.Pronostico is not enhanced.

[2021-10-19 09:47:27 #14 type] 
Type domain.Question is not enhanced.

[2021-10-19 09:47:27 #15 type.registry] 
New type java.util.Vector<domain.Pronostico>

[2021-10-19 09:47:27 #16 type] 
Type domain.Event is not enhanced.

[2021-10-19 09:47:27 #17 type.registry] 
New type java.util.Vector<domain.Question>

[2021-10-19 09:47:27 #18 type.registry] 
New type java.util.Vector<java.lang.Object>

